SF:lib/core/feedback/feedback_service.dart
DA:6,6
DA:7,4
DA:8,2
DA:14,6
DA:17,2
DA:23,6
DA:33,2
DA:40,6
DA:51,2
DA:57,6
DA:67,2
DA:73,6
DA:83,2
DA:87,6
DA:96,2
DA:97,6
DA:104,0
DA:105,0
DA:119,2
DA:127,2
DA:129,2
DA:131,8
DA:147,1
DA:149,1
DA:151,1
DA:153,1
DA:155,1
DA:157,1
DA:159,1
DA:164,0
DA:166,0
DA:168,0
DA:170,0
DA:172,0
DA:173,0
DA:174,0
DA:175,0
DA:176,0
DA:181,1
DA:183,1
DA:185,1
DA:187,1
DA:189,1
DA:191,1
DA:193,1
LF:45
LH:34
end_of_record
SF:lib/core/performance/memory_manager.dart
DA:7,6
DA:8,4
DA:9,2
DA:21,2
DA:22,2
DA:23,2
DA:27,2
DA:28,4
DA:29,4
DA:30,4
DA:31,4
DA:32,2
DA:36,2
DA:37,4
DA:38,0
DA:43,0
DA:44,0
DA:45,0
DA:48,0
DA:49,0
DA:50,0
DA:55,0
DA:56,0
DA:57,0
DA:59,0
DA:60,0
DA:61,0
DA:66,0
DA:67,0
DA:68,0
DA:69,0
DA:72,0
DA:73,0
DA:78,1
DA:79,2
DA:80,3
DA:81,2
DA:85,1
DA:86,2
DA:87,5
DA:88,2
DA:94,1
DA:95,2
DA:96,2
DA:97,2
DA:101,1
DA:102,2
DA:103,2
DA:104,2
DA:105,1
DA:109,1
DA:110,1
DA:111,2
DA:112,1
DA:113,1
DA:114,1
DA:119,1
DA:121,3
DA:122,1
DA:123,3
DA:124,0
DA:125,0
DA:127,0
DA:134,1
DA:135,2
DA:136,5
DA:140,1
DA:141,2
DA:142,2
DA:143,5
DA:144,1
DA:150,3
DA:151,2
DA:152,1
DA:157,1
DA:158,2
DA:162,1
DA:163,2
DA:167,1
DA:168,2
DA:169,1
DA:173,3
DA:181,1
DA:183,1
DA:184,2
DA:186,2
DA:191,1
DA:192,2
DA:193,2
DA:195,4
DA:196,5
DA:200,1
DA:201,2
DA:204,3
DA:206,0
DA:208,0
DA:213,6
DA:214,4
DA:215,2
DA:221,2
DA:222,8
DA:226,2
DA:227,4
DA:229,2
DA:230,2
DA:232,10
DA:233,4
DA:235,4
DA:240,2
DA:241,4
DA:242,2
DA:243,2
DA:246,2
DA:247,2
DA:248,4
DA:249,2
DA:250,4
DA:251,7
DA:252,6
DA:254,2
DA:258,2
DA:259,2
DA:265,2
DA:267,2
DA:269,2
DA:274,2
DA:275,2
DA:276,6
DA:277,4
LF:129
LH:105
end_of_record
SF:lib/core/feedback/sync_status_widget.dart
DA:13,1
DA:21,1
DA:23,1
DA:24,1
DA:32,1
DA:34,1
DA:35,2
DA:40,2
DA:43,2
DA:44,1
DA:48,3
DA:49,2
DA:53,0
DA:55,0
DA:56,0
DA:57,0
DA:58,0
DA:59,0
DA:60,0
DA:64,1
DA:66,2
DA:67,1
DA:70,1
DA:72,1
DA:75,1
DA:76,2
DA:77,1
DA:78,1
DA:79,2
DA:83,1
DA:85,1
DA:86,1
DA:87,1
DA:88,1
DA:89,1
DA:90,5
DA:91,1
DA:96,3
DA:97,1
DA:98,1
DA:101,1
DA:102,1
DA:103,1
DA:104,4
DA:106,1
DA:109,3
DA:111,1
DA:112,2
DA:113,4
DA:114,5
DA:119,6
DA:121,1
DA:122,2
DA:123,2
DA:124,2
DA:130,1
DA:131,1
DA:132,1
DA:133,4
DA:135,1
DA:139,6
DA:141,1
DA:142,2
DA:143,1
DA:144,1
DA:146,1
DA:149,1
DA:154,6
DA:156,1
DA:157,2
DA:158,1
DA:159,1
DA:161,1
DA:164,1
DA:174,1
DA:175,2
DA:176,1
DA:177,1
DA:180,1
DA:182,1
DA:183,1
DA:186,1
DA:188,2
DA:191,1
DA:192,1
DA:195,1
DA:197,1
DA:198,1
DA:201,1
DA:203,1
DA:204,1
DA:207,1
DA:209,1
DA:210,1
DA:213,1
DA:218,1
DA:219,2
DA:220,1
DA:222,1
DA:224,1
DA:226,1
DA:228,1
DA:230,1
DA:235,1
DA:236,2
DA:237,1
DA:239,1
DA:241,1
DA:243,1
DA:245,1
DA:247,1
DA:258,1
DA:262,1
DA:264,1
DA:266,1
DA:267,1
DA:268,1
DA:269,1
DA:271,1
DA:273,1
DA:274,1
DA:276,1
DA:277,1
DA:278,4
DA:279,1
DA:289,1
DA:290,1
DA:291,1
DA:292,1
DA:295,1
DA:297,1
DA:298,0
DA:301,0
DA:303,0
DA:306,1
DA:307,1
DA:310,1
DA:312,0
DA:313,0
DA:316,0
DA:318,0
DA:319,0
DA:322,0
DA:324,0
DA:325,0
DA:328,0
DA:333,1
DA:334,1
DA:335,1
DA:337,1
DA:339,1
DA:341,0
DA:343,0
DA:345,0
DA:350,1
DA:351,1
DA:352,1
DA:354,1
DA:356,1
DA:358,0
DA:360,0
DA:362,0
DA:379,1
DA:389,1
DA:391,1
DA:393,1
DA:394,1
DA:396,1
DA:398,1
DA:399,1
DA:400,1
DA:401,1
DA:402,1
DA:406,3
DA:407,1
DA:408,1
DA:412,3
DA:413,1
DA:414,1
DA:420,2
DA:422,1
DA:423,1
DA:424,3
DA:427,4
DA:429,1
DA:430,1
DA:431,1
DA:435,1
DA:436,4
DA:437,3
DA:440,2
DA:442,1
DA:443,3
DA:444,4
DA:445,5
DA:449,4
DA:451,1
DA:453,3
DA:456,5
DA:458,1
DA:459,1
DA:462,1
DA:463,1
DA:465,3
DA:472,4
DA:474,1
DA:475,1
DA:476,4
DA:486,1
DA:487,1
DA:488,1
DA:490,2
DA:492,2
DA:493,2
DA:494,0
DA:495,0
DA:496,0
DA:497,0
DA:499,0
LF:219
LH:189
end_of_record
SF:lib/core/performance/performance_service.dart
DA:10,3
DA:11,2
DA:12,1
DA:26,1
DA:27,1
DA:29,2
DA:30,1
DA:32,1
DA:36,1
DA:37,1
DA:39,1
DA:40,2
DA:41,0
DA:44,1
DA:48,1
DA:49,2
DA:50,1
DA:52,1
DA:56,0
DA:57,0
DA:58,0
DA:59,0
DA:60,0
DA:61,0
DA:64,0
DA:67,0
DA:68,0
DA:72,0
DA:73,0
DA:77,0
DA:80,0
DA:81,0
DA:82,0
DA:83,0
DA:88,0
DA:89,0
DA:90,0
DA:91,0
DA:99,0
DA:100,0
DA:101,0
DA:102,0
DA:103,0
DA:104,0
DA:108,0
DA:109,0
DA:110,0
DA:112,0
DA:113,0
DA:120,0
DA:121,0
DA:123,0
DA:124,0
DA:125,0
DA:127,0
DA:128,0
DA:130,0
DA:134,0
DA:139,0
DA:144,0
DA:145,0
DA:146,0
DA:149,0
DA:150,0
DA:152,0
DA:156,0
DA:157,0
DA:159,0
DA:160,0
DA:163,0
DA:164,0
DA:167,0
DA:168,0
DA:171,0
DA:172,0
DA:179,1
DA:180,2
DA:181,2
DA:182,2
DA:187,1
DA:188,3
DA:190,2
DA:191,3
DA:196,1
DA:197,2
DA:201,1
DA:202,2
DA:206,3
DA:209,1
DA:210,3
DA:211,0
DA:215,1
DA:216,2
DA:217,2
DA:218,1
DA:222,1
DA:223,1
DA:224,3
DA:225,1
DA:226,2
DA:227,2
DA:232,1
DA:233,1
DA:234,2
DA:235,2
DA:236,2
DA:237,1
DA:239,1
DA:250,1
DA:257,1
DA:258,1
DA:259,2
DA:260,1
DA:261,1
DA:262,1
DA:266,1
DA:267,1
DA:268,2
DA:269,1
DA:270,1
DA:271,1
DA:283,1
DA:290,1
DA:291,1
DA:299,1
DA:300,1
DA:301,1
DA:302,1
DA:303,1
DA:304,1
DA:308,1
DA:309,1
DA:310,1
DA:311,1
DA:312,1
DA:313,1
DA:324,1
DA:330,1
DA:331,1
DA:332,2
DA:333,2
DA:334,1
DA:338,1
DA:339,1
DA:340,2
DA:341,2
DA:342,2
DA:352,1
DA:353,2
DA:354,2
DA:357,1
DA:358,1
DA:359,3
DA:362,1
DA:363,4
DA:369,1
DA:370,2
DA:371,2
DA:374,1
DA:375,1
DA:376,3
DA:379,1
DA:380,4
LF:163
LH:104
end_of_record
SF:lib/core/performance/debouncer.dart
DA:8,1
DA:11,1
DA:12,2
DA:13,3
DA:17,1
DA:18,1
DA:19,1
DA:23,1
DA:24,2
DA:28,3
DA:31,1
DA:32,2
DA:42,1
DA:45,1
DA:46,1
DA:48,1
DA:49,4
DA:50,1
DA:51,1
DA:52,3
DA:53,4
DA:54,3
DA:55,2
DA:56,1
DA:62,1
DA:63,1
DA:64,2
DA:65,1
DA:69,0
DA:70,0
DA:74,0
DA:77,1
DA:78,2
DA:91,1
DA:98,1
DA:99,2
DA:101,4
DA:102,1
DA:103,3
DA:104,4
DA:109,1
DA:110,2
DA:112,4
DA:113,1
DA:114,0
DA:115,0
DA:120,1
DA:121,2
DA:122,1
DA:126,1
DA:127,2
DA:129,2
DA:130,2
DA:131,2
DA:134,2
DA:142,3
DA:145,0
DA:148,1
DA:149,2
DA:150,2
DA:160,1
DA:163,1
DA:164,1
DA:166,3
DA:168,1
DA:169,1
DA:171,1
DA:175,1
DA:176,1
DA:180,1
DA:181,5
DA:182,2
DA:183,2
DA:185,3
DA:186,2
DA:187,1
DA:193,0
DA:196,0
DA:199,0
DA:200,0
DA:210,1
DA:213,1
DA:214,2
DA:216,5
DA:217,1
DA:218,2
DA:219,1
DA:220,2
DA:225,3
DA:228,1
DA:229,2
DA:230,1
DA:231,2
DA:232,1
DA:233,2
DA:237,0
DA:238,0
DA:239,0
DA:243,1
DA:245,2
DA:247,0
DA:252,1
DA:253,2
DA:254,0
DA:256,2
DA:257,2
LF:106
LH:91
end_of_record
SF:lib/core/error/global_error_handler.dart
DA:10,6
DA:11,4
DA:12,2
DA:17,3
DA:20,0
DA:22,0
DA:23,0
DA:24,0
DA:25,0
DA:26,0
DA:31,0
DA:32,0
DA:33,0
DA:41,2
DA:48,2
DA:52,4
DA:57,0
DA:62,2
DA:68,2
DA:69,2
DA:78,2
DA:84,2
DA:85,2
DA:93,2
DA:98,0
DA:99,10
DA:101,2
DA:102,2
DA:103,1
DA:105,2
DA:106,2
DA:108,2
DA:109,2
DA:111,0
DA:112,0
DA:117,0
DA:128,0
DA:129,0
DA:143,3
DA:151,3
DA:154,2
DA:155,2
DA:156,2
DA:157,2
DA:158,2
DA:159,2
DA:160,2
DA:161,2
DA:165,1
DA:167,1
DA:174,2
DA:175,2
DA:176,2
DA:177,2
DA:178,2
DA:179,2
DA:180,2
DA:185,0
DA:186,0
DA:188,0
DA:191,0
DA:192,0
DA:193,0
DA:198,2
DA:199,4
DA:201,4
DA:203,4
DA:205,4
DA:207,3
DA:209,2
DA:211,2
DA:213,1
DA:220,2
DA:221,2
DA:222,2
DA:223,2
DA:224,2
DA:225,2
DA:226,1
DA:227,1
DA:228,1
DA:232,2
DA:233,2
DA:234,2
DA:235,1
DA:236,1
DA:237,0
DA:238,0
DA:239,0
DA:240,0
DA:244,2
DA:245,2
DA:246,2
DA:247,2
DA:248,2
DA:249,2
DA:250,1
DA:251,1
DA:252,1
DA:256,2
DA:257,2
DA:258,2
DA:259,1
DA:260,1
DA:261,0
DA:262,0
DA:263,0
DA:264,0
DA:268,1
DA:270,5
LF:110
LH:80
end_of_record
SF:lib/core/error/exceptions.dart
DA:5,5
DA:7,2
DA:8,10
DA:12,8
DA:16,5
DA:20,3
DA:24,2
DA:28,1
DA:32,1
DA:36,1
DA:40,1
LF:11
LH:11
end_of_record
SF:lib/core/error/failures.dart
DA:7,2
DA:9,0
DA:10,0
DA:14,0
DA:18,2
DA:22,0
DA:26,0
DA:30,1
DA:34,0
DA:38,0
DA:42,0
LF:11
LH:3
end_of_record
SF:lib/core/error/error_logger.dart
DA:13,3
DA:14,2
DA:15,1
DA:21,1
DA:23,1
DA:24,4
DA:27,2
DA:28,2
DA:32,1
DA:35,0
DA:40,1
DA:45,1
DA:48,1
DA:49,2
DA:50,1
DA:56,1
DA:59,0
DA:64,1
DA:69,3
DA:70,1
DA:72,1
DA:74,2
DA:75,2
DA:76,1
DA:77,1
DA:78,1
DA:80,1
DA:81,1
DA:84,5
DA:85,1
DA:86,1
DA:87,2
DA:88,1
DA:89,1
DA:93,1
DA:94,3
DA:97,2
DA:98,2
DA:99,0
DA:102,0
DA:107,0
DA:108,0
DA:111,0
DA:112,0
DA:113,0
DA:116,0
DA:119,0
DA:122,0
DA:124,0
DA:129,0
DA:132,0
DA:133,0
DA:134,0
DA:135,0
DA:137,0
DA:139,0
DA:142,0
DA:143,0
DA:147,0
DA:152,1
DA:153,3
DA:154,0
DA:158,2
DA:159,7
DA:162,3
DA:165,0
DA:166,0
DA:171,1
DA:172,1
DA:175,2
DA:177,0
DA:182,1
DA:183,3
DA:184,0
DA:188,1
DA:189,3
DA:191,0
DA:196,1
DA:197,3
DA:198,0
DA:202,2
DA:203,2
DA:204,7
DA:206,1
DA:207,1
DA:209,1
DA:212,0
DA:223,1
DA:229,1
DA:230,1
DA:233,1
DA:237,1
DA:238,4
DA:239,7
DA:240,5
LF:95
LH:64
end_of_record
SF:lib/core/services/desktop_file_dialog_service.dart
DA:9,0
DA:14,0
DA:17,0
DA:19,0
DA:23,0
DA:24,0
DA:30,0
DA:35,0
DA:38,0
DA:40,0
DA:43,0
DA:44,0
DA:45,0
DA:51,0
DA:55,0
DA:58,0
DA:63,0
DA:64,0
DA:70,0
DA:76,0
DA:79,0
DA:82,0
DA:86,0
DA:87,0
DA:93,0
DA:100,0
DA:103,0
DA:111,0
DA:112,0
DA:118,0
DA:124,0
DA:127,0
DA:134,0
DA:135,0
DA:141,0
DA:142,0
DA:145,0
DA:149,0
DA:150,0
DA:156,0
DA:157,0
DA:160,0
DA:164,0
DA:165,0
DA:171,0
DA:172,0
DA:175,0
DA:177,0
DA:178,0
DA:184,0
DA:185,0
DA:188,0
DA:190,0
DA:191,0
DA:196,0
DA:197,0
LF:56
LH:0
end_of_record
SF:lib/core/services/desktop_window_service.dart
DA:9,0
DA:10,0
DA:13,0
DA:14,0
DA:15,0
DA:20,0
DA:21,0
DA:24,0
DA:25,0
DA:26,0
DA:31,0
DA:32,0
DA:35,0
DA:39,0
DA:40,0
DA:45,0
DA:46,0
DA:49,0
DA:53,0
DA:54,0
DA:59,0
DA:60,0
DA:63,0
DA:67,0
DA:68,0
DA:73,0
DA:74,0
DA:77,0
DA:78,0
DA:79,0
DA:84,0
DA:85,0
DA:88,0
DA:89,0
DA:90,0
DA:95,0
DA:96,0
DA:99,0
DA:100,0
DA:101,0
DA:106,0
DA:107,0
DA:110,0
DA:111,0
DA:112,0
DA:117,0
DA:118,0
DA:121,0
DA:123,0
DA:124,0
DA:130,0
DA:131,0
DA:134,0
DA:136,0
DA:137,0
DA:143,0
DA:144,0
DA:147,0
DA:151,0
DA:152,0
DA:157,0
DA:158,0
DA:161,0
DA:162,0
DA:163,0
DA:164,0
DA:165,0
DA:167,0
DA:168,0
DA:169,0
DA:174,0
DA:175,0
DA:178,0
DA:179,0
DA:180,0
DA:181,0
DA:182,0
DA:184,0
DA:185,0
DA:186,0
DA:191,0
DA:192,0
DA:195,0
DA:196,0
DA:197,0
DA:202,0
DA:203,0
DA:206,0
DA:207,0
DA:208,0
DA:213,0
DA:214,0
DA:217,0
DA:218,0
DA:219,0
DA:224,0
DA:225,0
DA:228,0
DA:230,0
DA:231,0
DA:237,0
DA:238,0
DA:241,0
DA:242,0
DA:243,0
DA:245,0
DA:246,0
DA:247,0
DA:248,0
DA:249,0
DA:252,0
DA:253,0
DA:258,0
DA:259,0
DA:262,0
DA:263,0
DA:264,0
DA:269,0
DA:270,0
DA:273,0
DA:274,0
DA:275,0
DA:280,0
DA:281,0
DA:284,0
DA:285,0
DA:286,0
DA:291,0
DA:292,0
DA:295,0
DA:296,0
DA:297,0
DA:301,0
DA:302,0
LF:134
LH:0
end_of_record
SF:lib/core/services/android_platform_service.dart
DA:19,1
DA:20,1
DA:21,0
DA:22,0
DA:23,0
DA:24,0
DA:29,0
DA:30,0
DA:34,0
DA:37,0
DA:38,0
DA:40,0
DA:41,0
DA:44,0
DA:47,0
DA:49,0
DA:50,0
DA:52,0
DA:57,0
DA:59,0
DA:60,0
DA:64,0
DA:65,0
DA:69,0
DA:70,0
DA:75,0
DA:76,0
DA:77,0
DA:80,0
DA:83,0
DA:87,0
DA:92,0
DA:94,0
DA:102,0
DA:103,0
DA:105,0
DA:109,0
DA:114,0
DA:116,0
DA:124,1
DA:125,1
DA:127,0
DA:131,0
DA:132,0
DA:134,0
DA:135,0
DA:136,0
DA:138,0
DA:139,0
DA:146,0
DA:147,0
DA:149,0
DA:153,0
DA:154,0
DA:156,0
DA:160,1
DA:161,1
DA:163,0
DA:164,0
DA:170,1
DA:171,2
DA:173,0
DA:174,0
DA:175,0
DA:176,0
DA:178,0
DA:184,0
DA:189,1
DA:190,1
LF:69
LH:10
end_of_record
SF:lib/core/constants/app_routes.dart
DA:25,0
DA:26,0
DA:27,0
LF:3
LH:0
end_of_record
SF:lib/core/network/network_info.dart
DA:10,0
DA:17,0
DA:21,0
DA:23,0
LF:4
LH:0
end_of_record
SF:lib/core/router/app_router.dart
DA:16,0
DA:17,0
DA:19,0
DA:20,0
DA:22,0
DA:24,0
DA:26,0
DA:28,0
DA:30,0
DA:32,0
DA:34,0
DA:36,0
DA:38,0
DA:40,0
DA:42,0
DA:44,0
DA:46,0
DA:47,0
DA:48,0
LF:19
LH:0
end_of_record
SF:lib/core/services/s3_connection_test_service.dart
DA:12,1
DA:19,1
DA:23,1
DA:30,1
DA:33,1
DA:52,0
DA:54,0
DA:56,0
DA:60,0
DA:61,0
DA:67,0
DA:70,0
DA:71,0
DA:74,0
DA:76,0
DA:79,0
DA:84,0
DA:85,0
DA:86,0
DA:91,0
DA:93,0
DA:97,0
DA:98,0
DA:103,0
DA:104,0
DA:106,0
DA:107,0
DA:108,0
DA:111,0
DA:112,0
DA:114,0
DA:115,0
DA:116,0
DA:117,0
DA:120,0
DA:124,0
DA:126,0
DA:130,0
DA:131,0
DA:139,0
DA:142,0
DA:144,0
DA:151,0
DA:156,0
DA:158,0
DA:159,0
DA:160,0
DA:163,0
DA:164,0
DA:166,0
DA:167,0
DA:170,0
LF:52
LH:5
end_of_record
SF:lib/core/services/secure_storage_service.dart
DA:27,0
DA:28,0
DA:30,0
DA:31,0
DA:32,0
DA:35,0
DA:36,0
DA:38,0
DA:39,0
DA:40,0
DA:41,0
DA:45,0
DA:46,0
DA:47,0
DA:48,0
DA:51,0
DA:52,0
DA:53,0
DA:54,0
DA:57,0
DA:58,0
DA:62,0
DA:63,0
DA:65,0
DA:66,0
DA:67,0
DA:68,0
DA:71,0
DA:74,0
DA:75,0
DA:76,0
DA:78,0
DA:79,0
DA:82,0
DA:85,0
DA:86,0
DA:87,0
DA:88,0
DA:90,0
DA:91,0
DA:94,0
DA:97,0
DA:98,0
DA:99,0
DA:100,0
DA:103,0
DA:105,0
DA:106,0
DA:107,0
DA:110,0
DA:112,0
DA:113,0
DA:116,0
DA:118,0
DA:119,0
DA:120,0
DA:123,0
DA:125,0
DA:126,0
DA:129,0
DA:131,0
DA:132,0
LF:62
LH:0
end_of_record
SF:lib/core/services/settings_service.dart
DA:74,1
DA:76,1
DA:77,1
DA:81,1
DA:82,1
DA:83,1
DA:84,1
DA:85,1
DA:86,1
DA:87,1
DA:88,1
DA:89,1
DA:97,1
DA:99,1
DA:100,1
DA:101,1
DA:102,1
DA:103,1
DA:104,1
DA:105,1
DA:106,1
DA:107,1
DA:109,2
DA:112,1
DA:114,1
DA:115,1
DA:118,1
DA:120,1
DA:121,1
DA:124,1
DA:126,1
DA:127,1
DA:130,1
DA:132,1
DA:133,1
DA:136,1
DA:138,1
DA:139,1
DA:142,1
DA:144,1
DA:145,1
DA:148,1
DA:150,1
DA:151,1
DA:154,1
DA:156,1
DA:157,1
DA:160,1
DA:162,1
DA:163,1
DA:166,1
DA:168,1
DA:169,1
DA:172,1
DA:174,1
DA:175,1
DA:178,1
DA:180,1
DA:181,1
DA:184,1
DA:186,1
DA:187,1
DA:190,1
DA:192,1
DA:193,1
DA:196,1
DA:198,1
DA:199,1
DA:202,1
DA:204,1
DA:205,1
DA:208,1
DA:210,1
DA:211,1
DA:214,1
DA:216,1
DA:217,1
DA:220,1
DA:222,1
DA:223,1
DA:226,1
DA:228,1
DA:229,1
DA:232,1
DA:234,1
DA:235,1
DA:238,1
DA:240,1
DA:241,1
DA:244,1
DA:246,1
DA:247,1
DA:250,1
DA:252,1
DA:253,1
DA:256,1
DA:258,1
DA:259,1
DA:262,1
DA:264,1
DA:265,1
DA:268,1
DA:270,1
DA:271,1
DA:274,1
DA:276,1
DA:277,1
DA:280,2
DA:281,1
DA:283,1
DA:290,1
DA:292,1
DA:294,2
DA:295,1
DA:296,1
DA:298,1
DA:299,1
DA:300,1
DA:301,1
DA:302,1
DA:303,1
DA:304,1
DA:305,1
DA:306,0
DA:307,0
DA:312,1
DA:314,1
DA:315,1
LF:128
LH:126
end_of_record
SF:lib/features/settings/data/services/settings_import_export_service.dart
DA:16,1
DA:23,1
DA:27,1
DA:34,1
DA:37,1
DA:57,1
DA:59,0
DA:63,0
DA:65,0
DA:67,0
DA:71,0
DA:74,0
DA:76,0
DA:80,1
DA:84,2
DA:87,1
DA:89,2
DA:95,1
DA:96,1
DA:97,1
DA:100,1
DA:101,2
DA:105,3
DA:109,0
DA:113,0
DA:116,0
DA:120,0
DA:121,0
DA:124,0
DA:126,0
DA:129,0
DA:131,0
DA:135,1
DA:138,1
DA:139,1
DA:140,2
DA:144,1
DA:145,1
DA:148,1
DA:149,1
DA:152,1
DA:155,1
DA:156,1
DA:160,2
DA:162,1
DA:163,1
DA:168,1
DA:169,6
DA:175,1
DA:180,1
DA:181,1
DA:183,3
DA:188,0
DA:190,0
DA:191,0
DA:193,0
DA:194,0
DA:197,0
DA:198,0
DA:199,0
DA:200,0
DA:203,0
DA:205,0
DA:210,0
DA:212,0
DA:213,0
DA:215,0
DA:216,0
DA:220,0
DA:221,0
DA:222,0
DA:223,0
DA:226,0
DA:230,0
LF:74
LH:36
end_of_record
SF:lib/features/settings/presentation/bloc/settings_bloc.dart
DA:16,1
DA:20,1
DA:21,2
DA:22,2
DA:23,2
DA:24,2
DA:25,2
DA:26,2
DA:27,2
DA:28,2
DA:29,2
DA:30,2
DA:31,2
DA:32,2
DA:33,2
DA:34,2
DA:35,2
DA:36,2
DA:37,2
DA:38,2
DA:39,2
DA:40,2
DA:41,2
DA:44,1
DA:48,1
DA:51,2
DA:52,2
DA:53,2
DA:54,2
DA:55,2
DA:56,2
DA:57,2
DA:58,2
DA:59,2
DA:60,2
DA:61,2
DA:62,2
DA:63,2
DA:64,2
DA:66,2
DA:83,4
DA:87,1
DA:91,1
DA:92,1
DA:95,3
DA:96,3
DA:98,4
DA:102,1
DA:106,1
DA:107,1
DA:109,2
DA:112,3
DA:114,1
DA:115,2
DA:117,2
DA:120,0
DA:121,0
DA:123,0
DA:127,1
DA:131,1
DA:132,1
DA:135,2
DA:136,2
DA:138,0
DA:142,1
DA:146,1
DA:147,1
DA:150,3
DA:151,3
DA:153,0
DA:157,0
DA:161,0
DA:162,0
DA:165,0
DA:166,0
DA:168,0
DA:172,0
DA:176,0
DA:177,0
DA:180,0
DA:181,0
DA:183,0
DA:187,0
DA:191,0
DA:192,0
DA:195,0
DA:196,0
DA:198,0
DA:202,0
DA:206,0
DA:207,0
DA:210,0
DA:211,0
DA:213,0
DA:217,0
DA:221,0
DA:222,0
DA:225,0
DA:226,0
DA:228,0
DA:232,0
DA:236,0
DA:237,0
DA:240,0
DA:241,0
DA:243,0
DA:247,0
DA:251,0
DA:252,0
DA:255,0
DA:256,0
DA:258,0
DA:262,0
DA:266,0
DA:267,0
DA:270,0
DA:271,0
DA:273,0
DA:277,0
DA:281,0
DA:282,0
DA:285,0
DA:286,0
DA:288,0
DA:292,0
DA:296,0
DA:297,0
DA:300,0
DA:301,0
DA:303,0
DA:307,0
DA:311,0
DA:312,0
DA:315,0
DA:316,0
DA:318,0
DA:322,0
DA:326,0
DA:327,0
DA:330,0
DA:331,0
DA:333,0
DA:337,0
DA:341,0
DA:342,0
DA:344,0
DA:348,0
DA:350,0
DA:354,0
DA:358,0
DA:359,0
DA:361,0
DA:364,0
DA:365,0
DA:366,0
DA:368,0
DA:371,0
DA:375,0
DA:379,0
DA:380,0
DA:382,0
DA:385,0
DA:386,0
DA:388,0
DA:389,0
DA:391,0
DA:394,0
DA:398,0
DA:402,0
DA:403,0
DA:406,0
DA:409,0
DA:411,0
LF:173
LH:65
end_of_record
SF:lib/features/sync/data/repositories/s3_storage_repository_impl.dart
DA:21,2
DA:23,0
DA:26,0
DA:29,0
DA:30,0
DA:31,0
DA:35,0
DA:36,0
DA:38,0
DA:42,0
DA:44,0
DA:48,0
DA:50,0
DA:51,0
DA:54,0
DA:55,0
DA:60,0
DA:63,0
DA:64,0
DA:65,0
DA:66,0
DA:68,0
DA:73,1
DA:75,2
DA:76,1
DA:79,1
DA:82,0
DA:83,0
DA:84,0
DA:87,0
DA:90,0
DA:94,1
DA:96,2
DA:97,0
DA:100,1
DA:103,0
DA:104,0
DA:108,0
DA:109,0
DA:112,0
DA:114,0
DA:115,0
DA:117,0
DA:121,1
DA:123,2
DA:124,0
DA:127,1
DA:130,0
DA:131,0
DA:135,0
DA:139,1
DA:141,2
DA:142,0
DA:145,1
DA:148,0
DA:149,0
DA:154,0
DA:157,0
DA:161,0
DA:163,0
DA:165,0
DA:166,0
DA:170,0
DA:171,0
DA:175,0
DA:176,0
DA:177,0
DA:178,0
DA:179,0
DA:186,0
DA:190,0
DA:192,0
DA:194,0
DA:195,0
DA:199,0
DA:200,0
DA:205,0
DA:206,0
DA:207,0
DA:208,0
DA:210,0
DA:211,0
DA:218,0
DA:222,1
DA:224,1
DA:226,0
DA:227,0
DA:232,0
DA:233,0
DA:234,0
DA:236,0
DA:240,0
DA:244,0
DA:246,0
DA:248,0
DA:249,0
DA:253,0
DA:256,0
DA:257,0
DA:261,0
DA:263,0
DA:264,0
DA:265,0
DA:266,0
DA:268,0
DA:269,0
DA:270,0
DA:271,0
DA:276,0
DA:280,2
DA:282,2
DA:283,2
DA:284,5
DA:288,2
DA:290,2
DA:291,3
DA:292,5
DA:296,1
DA:297,1
DA:299,0
DA:307,0
DA:309,0
DA:311,0
DA:312,0
DA:316,0
DA:317,0
DA:321,0
DA:322,0
DA:323,0
DA:324,0
DA:325,0
DA:326,0
DA:329,0
DA:332,0
DA:336,0
DA:338,0
DA:339,0
DA:342,0
DA:344,0
DA:345,0
DA:348,1
DA:352,1
DA:355,1
DA:359,1
DA:362,1
DA:363,1
DA:365,2
DA:366,2
DA:369,2
DA:370,2
DA:371,2
DA:375,2
DA:381,2
DA:382,2
DA:383,2
DA:384,2
DA:387,1
DA:390,2
DA:391,4
DA:392,0
DA:399,2
DA:401,2
DA:411,2
DA:412,1
DA:414,1
DA:417,1
DA:422,2
DA:424,0
DA:426,1
DA:427,1
DA:430,2
DA:433,1
DA:434,1
DA:436,2
DA:440,1
DA:443,0
DA:444,0
DA:446,0
DA:450,1
DA:453,2
DA:456,2
DA:459,1
DA:460,1
DA:464,1
DA:465,0
DA:470,1
DA:471,0
DA:478,1
DA:486,2
DA:492,2
DA:493,2
DA:494,2
DA:495,2
DA:498,1
DA:501,2
DA:502,4
DA:503,0
DA:510,2
DA:512,2
DA:522,2
DA:523,1
DA:525,1
DA:528,1
DA:533,2
DA:535,0
DA:538,2
DA:541,1
DA:542,1
DA:544,2
DA:548,1
DA:551,0
DA:552,0
DA:554,0
DA:558,1
DA:561,2
DA:564,2
DA:567,1
DA:568,1
DA:572,1
DA:573,0
DA:578,1
DA:579,0
DA:586,1
DA:594,1
DA:600,1
DA:601,1
DA:602,1
DA:603,1
DA:606,1
DA:609,1
DA:610,2
DA:611,0
DA:618,1
DA:620,1
DA:630,2
DA:631,1
DA:633,1
DA:636,1
DA:641,2
DA:643,0
DA:646,2
DA:649,1
DA:650,1
DA:652,2
DA:656,1
DA:659,0
DA:660,0
DA:662,0
DA:666,1
DA:669,2
DA:672,2
DA:675,1
DA:676,1
DA:680,1
DA:681,0
DA:686,1
DA:687,0
DA:694,1
DA:702,1
DA:710,1
DA:714,1
DA:720,1
DA:727,1
DA:734,1
DA:737,2
DA:738,0
DA:741,1
DA:744,0
DA:747,0
DA:753,1
DA:755,2
DA:761,1
DA:768,1
DA:771,2
DA:772,0
DA:775,1
DA:778,0
DA:781,0
DA:789,0
DA:792,0
DA:793,0
DA:794,0
DA:795,0
DA:796,0
DA:797,0
DA:804,1
DA:806,2
DA:813,0
DA:814,0
DA:816,0
DA:818,0
LF:291
LH:139
end_of_record
SF:lib/core/di/injection.dart
DA:6,0
DA:8,0
DA:10,0
LF:3
LH:0
end_of_record
SF:lib/core/performance/android_performance_service.dart
DA:9,0
DA:10,0
DA:13,0
DA:14,0
DA:15,0
DA:16,0
DA:17,0
DA:22,0
DA:24,0
DA:29,0
DA:30,0
DA:35,0
DA:37,0
DA:41,0
DA:42,0
DA:47,0
DA:48,0
DA:51,0
DA:52,0
DA:53,0
DA:54,0
DA:55,0
DA:60,0
DA:61,0
DA:64,0
DA:65,0
DA:66,0
DA:71,0
DA:72,0
DA:75,0
DA:80,0
DA:81,0
DA:86,0
DA:87,0
DA:90,0
DA:92,0
DA:93,0
DA:99,0
DA:100,0
DA:103,0
DA:105,0
DA:106,0
DA:112,0
DA:113,0
DA:116,0
DA:119,0
DA:120,0
DA:125,0
DA:126,0
DA:129,0
DA:132,0
DA:133,0
DA:138,0
DA:139,0
DA:142,0
DA:143,0
DA:144,0
DA:145,0
DA:146,0
LF:59
LH:0
end_of_record
SF:lib/features/main/presentation/pages/main_screen.dart
DA:24,45
DA:26,1
DA:27,1
DA:68,1
DA:70,1
DA:73,2
DA:77,2
DA:78,1
DA:83,2
DA:84,1
DA:87,1
DA:90,1
DA:92,2
DA:93,2
DA:94,1
DA:98,1
DA:100,1
DA:102,0
DA:103,0
DA:104,0
DA:105,0
DA:109,0
DA:110,0
DA:113,0
DA:118,0
DA:120,0
DA:122,0
DA:123,0
DA:125,0
DA:126,0
DA:129,0
DA:134,0
DA:135,0
DA:136,0
DA:137,0
DA:141,0
DA:142,0
DA:143,0
DA:148,0
DA:152,0
DA:153,0
DA:154,0
DA:158,0
DA:159,0
DA:160,0
DA:166,0
DA:167,0
DA:168,0
DA:173,0
DA:174,0
DA:175,0
DA:176,0
DA:178,0
DA:182,0
DA:183,0
DA:184,0
DA:185,0
DA:187,0
DA:191,1
DA:192,2
DA:193,1
DA:194,1
DA:195,1
DA:196,1
DA:197,1
DA:198,1
DA:199,1
DA:200,1
DA:205,1
DA:207,1
DA:213,2
DA:214,1
DA:217,1
DA:218,0
DA:219,0
DA:225,0
DA:230,0
DA:232,0
DA:233,0
DA:238,0
DA:243,0
DA:248,0
DA:249,0
DA:250,0
DA:255,0
DA:256,0
DA:257,0
DA:262,0
DA:263,0
DA:264,0
DA:268,0
DA:269,0
DA:270,0
DA:271,0
DA:278,0
DA:279,0
DA:283,0
DA:284,0
DA:285,0
DA:289,0
DA:295,1
DA:297,1
DA:298,1
DA:299,1
DA:301,3
DA:303,1
DA:304,2
DA:305,1
DA:306,1
DA:308,2
DA:309,1
DA:310,2
DA:314,1
DA:315,1
DA:316,1
DA:317,1
DA:321,1
DA:322,1
DA:323,1
DA:332,1
DA:333,1
DA:334,1
DA:336,1
DA:337,1
DA:338,1
DA:339,1
DA:340,1
DA:341,1
DA:347,1
DA:348,0
DA:352,1
DA:353,1
DA:354,1
DA:355,1
DA:356,1
DA:357,1
DA:363,1
DA:364,0
DA:368,1
DA:369,1
DA:376,1
DA:379,1
DA:380,1
DA:381,1
DA:383,1
DA:384,1
DA:386,1
DA:387,1
DA:390,0
DA:393,1
DA:400,1
DA:401,1
DA:402,1
DA:403,4
DA:404,1
DA:405,1
DA:406,3
DA:411,1
DA:412,1
DA:414,1
DA:416,1
DA:417,1
DA:424,1
DA:426,3
DA:430,1
DA:432,1
DA:433,1
DA:434,1
DA:437,1
DA:447,1
DA:448,1
DA:449,1
DA:450,4
DA:451,1
DA:452,1
DA:453,3
DA:458,1
DA:459,1
DA:460,2
DA:461,0
DA:463,1
DA:464,1
DA:467,1
DA:475,1
DA:476,1
DA:477,1
DA:480,0
DA:481,0
DA:482,0
DA:483,0
DA:489,1
DA:490,1
DA:491,4
DA:492,1
DA:493,1
DA:495,1
DA:496,1
DA:499,4
DA:502,1
DA:504,5
DA:505,4
DA:509,1
DA:511,5
DA:512,4
DA:516,1
DA:517,1
DA:528,1
DA:531,1
DA:533,1
DA:535,1
DA:538,1
DA:539,1
DA:541,3
DA:550,1
DA:552,1
DA:554,1
DA:555,1
DA:562,1
DA:563,1
DA:564,1
DA:565,1
DA:566,1
DA:567,1
DA:568,1
DA:569,1
DA:570,1
DA:571,1
DA:572,1
DA:577,1
DA:578,1
DA:579,1
DA:580,1
DA:581,1
DA:582,1
DA:583,1
DA:584,1
DA:585,1
DA:586,1
DA:587,1
DA:588,1
DA:589,1
DA:590,1
DA:591,1
DA:596,1
DA:597,1
DA:598,1
DA:599,1
DA:600,1
DA:605,1
DA:606,1
DA:608,1
DA:609,1
DA:610,1
DA:611,2
DA:612,1
LF:255
LH:179
end_of_record
SF:lib/features/main/presentation/pages/settings_page.dart
DA:11,44
DA:13,0
DA:14,0
DA:18,0
DA:20,0
DA:21,0
DA:22,0
DA:23,0
DA:25,0
DA:26,0
DA:27,0
DA:28,0
DA:29,0
DA:30,0
DA:38,0
DA:39,0
DA:40,0
DA:41,0
DA:47,0
DA:48,0
DA:49,0
DA:50,0
DA:51,0
DA:56,0
DA:57,0
DA:64,0
DA:65,0
DA:66,0
DA:67,0
DA:74,0
DA:75,0
DA:76,0
DA:80,0
DA:81,0
DA:82,0
DA:84,0
DA:87,0
DA:89,0
DA:90,0
DA:98,0
DA:100,0
DA:106,0
DA:108,0
DA:110,0
DA:111,0
DA:113,0
DA:115,0
DA:117,0
DA:119,0
DA:120,0
DA:121,0
DA:126,0
DA:128,0
DA:140,0
DA:141,0
DA:144,0
DA:145,0
DA:148,0
DA:149,0
DA:150,0
DA:152,0
DA:176,0
DA:177,0
DA:180,0
DA:181,0
DA:183,0
DA:184,0
DA:186,0
DA:187,0
DA:191,0
DA:192,0
DA:197,0
DA:200,0
DA:201,0
DA:202,0
DA:205,0
DA:208,0
DA:209,0
DA:210,0
DA:213,0
DA:216,0
DA:217,0
DA:218,0
DA:221,0
DA:222,0
DA:224,0
DA:225,0
DA:227,0
DA:228,0
DA:232,0
DA:233,0
DA:243,0
DA:244,0
DA:247,0
DA:248,0
DA:251,0
DA:252,0
DA:253,0
DA:256,0
DA:257,0
DA:259,0
DA:260,0
DA:262,0
DA:263,0
DA:267,0
DA:268,0
DA:273,0
DA:276,0
DA:277,0
DA:278,0
DA:281,0
DA:284,0
DA:285,0
DA:286,0
DA:294,0
DA:295,0
DA:298,0
DA:299,0
DA:302,0
DA:303,0
DA:304,0
DA:307,0
DA:310,0
DA:311,0
DA:312,0
DA:315,0
DA:318,0
DA:319,0
DA:320,0
DA:328,0
DA:329,0
DA:332,0
DA:333,0
DA:337,0
DA:338,0
DA:341,0
DA:345,0
DA:346,0
DA:349,0
DA:353,0
DA:360,0
DA:361,0
DA:364,0
DA:365,0
DA:370,0
DA:374,0
DA:379,0
DA:380,0
DA:381,0
DA:382,0
DA:386,0
DA:387,0
DA:397,0
DA:402,0
DA:403,0
DA:405,0
DA:407,0
DA:408,0
DA:409,0
DA:410,0
DA:412,0
DA:414,0
DA:421,0
DA:431,0
DA:432,0
DA:433,0
DA:434,0
DA:437,0
DA:438,0
DA:439,0
DA:442,0
DA:443,0
DA:444,0
DA:445,0
DA:455,0
DA:456,0
DA:457,0
DA:461,0
DA:476,0
DA:478,0
LF:180
LH:1
end_of_record
SF:lib/features/main/presentation/pages/about_page.dart
DA:6,44
DA:8,0
DA:10,0
DA:11,0
DA:14,0
DA:16,0
DA:18,0
DA:20,0
DA:25,0
DA:30,0
DA:35,0
DA:40,0
DA:45,0
DA:53,0
DA:54,0
DA:55,0
DA:57,0
DA:60,0
DA:61,0
DA:62,0
DA:63,0
DA:64,0
DA:65,0
DA:71,0
DA:74,0
DA:81,0
DA:83,0
DA:85,0
DA:92,0
DA:94,0
DA:95,0
DA:96,0
DA:98,0
DA:100,0
DA:101,0
DA:111,0
DA:112,0
DA:113,0
DA:115,0
DA:117,0
DA:118,0
DA:119,0
DA:120,0
DA:122,0
DA:125,0
DA:127,0
DA:134,0
DA:138,0
DA:148,0
DA:149,0
DA:150,0
DA:155,0
DA:160,0
DA:165,0
DA:170,0
DA:175,0
DA:182,0
DA:183,0
DA:185,0
DA:187,0
DA:188,0
DA:189,0
DA:190,0
DA:192,0
DA:195,0
DA:197,0
DA:204,0
DA:213,0
DA:214,0
DA:215,0
DA:216,0
DA:226,0
DA:227,0
DA:229,0
DA:230,0
DA:231,0
DA:233,0
DA:234,0
DA:235,0
DA:236,0
DA:238,0
DA:241,0
DA:242,0
DA:245,0
DA:246,0
DA:247,0
DA:248,0
DA:254,0
DA:255,0
DA:256,0
DA:257,0
DA:271,0
DA:272,0
DA:281,0
DA:282,0
DA:284,0
DA:286,0
DA:287,0
DA:288,0
DA:289,0
DA:291,0
DA:294,0
DA:296,0
DA:303,0
DA:306,0
DA:307,0
DA:309,0
DA:310,0
DA:311,0
DA:313,0
DA:315,0
DA:316,0
DA:321,0
DA:330,0
DA:331,0
DA:332,0
DA:334,0
DA:335,0
DA:336,0
DA:338,0
DA:341,0
DA:343,0
DA:344,0
DA:348,0
DA:350,0
DA:351,0
DA:361,0
DA:362,0
DA:364,0
DA:365,0
DA:366,0
DA:371,0
DA:372,0
DA:381,0
DA:384,0
DA:387,0
DA:388,0
DA:390,0
DA:392,0
DA:401,0
DA:402,0
DA:417,0
LF:142
LH:1
end_of_record
SF:lib/features/notes/presentation/pages/notes_list_page.dart
DA:4,44
DA:6,0
DA:8,0
DA:9,0
DA:18,0
DA:19,0
LF:6
LH:1
end_of_record
SF:lib/features/notes/presentation/pages/note_editor_page.dart
DA:7,44
DA:9,0
DA:10,0
DA:17,0
DA:19,0
DA:20,0
DA:21,0
DA:22,0
DA:23,0
DA:24,0
DA:26,0
DA:27,0
DA:30,0
DA:31,0
DA:37,0
DA:38,0
DA:44,0
DA:45,0
DA:46,0
DA:47,0
DA:57,0
DA:58,0
DA:59,0
DA:60,0
DA:64,0
DA:66,0
DA:67,0
DA:70,0
LF:28
LH:1
end_of_record
SF:lib/features/auth/presentation/pages/login_page.dart
DA:4,44
DA:6,0
DA:8,0
DA:9,0
LF:4
LH:1
end_of_record
SF:lib/core/services/android_background_sync_service.dart
DA:13,0
DA:14,0
DA:17,0
DA:20,0
DA:21,0
DA:22,0
DA:27,0
DA:32,0
DA:35,0
DA:36,0
DA:40,0
DA:41,0
DA:46,0
DA:47,0
DA:50,0
DA:51,0
DA:52,0
DA:57,0
DA:62,0
DA:65,0
DA:66,0
DA:70,0
DA:71,0
DA:76,0
DA:77,0
DA:78,0
DA:79,0
DA:80,0
DA:81,0
DA:83,0
DA:84,0
DA:86,0
DA:87,0
DA:90,0
DA:92,0
DA:98,0
DA:100,0
DA:101,0
DA:103,0
DA:109,0
DA:110,0
DA:111,0
DA:114,0
DA:122,0
DA:123,0
DA:125,0
DA:127,0
DA:133,0
DA:134,0
DA:136,0
DA:144,0
DA:150,0
DA:153,0
DA:155,0
DA:156,0
DA:161,0
DA:167,0
DA:172,0
DA:173,0
LF:59
LH:0
end_of_record
SF:lib/features/sync/domain/services/sync_service.dart
DA:13,6
DA:23,0
DA:32,0
DA:33,0
DA:34,0
DA:35,0
DA:36,0
DA:37,0
DA:38,0
DA:39,0
DA:43,1
DA:45,4
DA:46,3
DA:47,2
DA:61,4
DA:71,1
DA:73,3
DA:74,1
DA:88,0
DA:89,0
DA:90,0
DA:91,0
DA:108,1
DA:109,1
DA:110,3
DA:111,0
DA:124,3
DA:132,1
DA:134,3
DA:135,2
LF:30
LH:16
end_of_record
SF:lib/core/services/android_notification_service.dart
DA:9,0
DA:10,0
DA:13,0
DA:14,0
DA:15,0
DA:20,0
DA:26,0
DA:29,0
DA:33,0
DA:35,0
DA:36,0
DA:41,0
DA:49,0
DA:52,0
DA:60,0
DA:61,0
DA:66,0
DA:73,0
DA:76,0
DA:83,0
DA:84,0
DA:89,0
DA:90,0
DA:93,0
DA:96,0
DA:97,0
DA:102,0
DA:103,0
DA:106,0
DA:107,0
DA:108,0
DA:113,0
DA:114,0
DA:117,0
DA:118,0
DA:119,0
DA:125,0
DA:131,0
DA:139,0
DA:140,0
LF:40
LH:0
end_of_record
SF:lib/core/services/android_permissions_service.dart
DA:9,0
DA:10,0
DA:13,0
DA:15,0
DA:16,0
DA:22,0
DA:23,0
DA:26,0
DA:28,0
DA:29,0
DA:35,0
DA:36,0
DA:39,0
DA:41,0
DA:42,0
DA:48,0
DA:49,0
DA:52,0
DA:54,0
DA:55,0
DA:61,0
DA:62,0
DA:65,0
DA:67,0
DA:68,0
DA:74,0
DA:75,0
DA:78,0
DA:79,0
DA:80,0
LF:30
LH:0
end_of_record
SF:lib/core/ui/android_ui_adaptations.dart
DA:9,0
DA:10,0
DA:13,0
DA:23,0
DA:29,0
DA:30,0
DA:32,0
DA:33,0
DA:34,0
DA:35,0
DA:40,0
DA:41,0
DA:43,0
DA:44,0
DA:48,0
DA:53,0
DA:54,0
DA:61,0
DA:64,0
DA:71,0
DA:76,0
DA:77,0
DA:84,0
DA:87,0
DA:88,0
DA:89,0
DA:90,0
DA:91,0
DA:96,0
DA:97,0
DA:100,0
DA:101,0
DA:106,0
DA:108,0
DA:111,0
DA:112,0
DA:113,0
DA:116,0
DA:117,0
DA:128,0
DA:129,0
DA:131,0
DA:132,0
DA:135,0
DA:136,0
DA:140,0
DA:144,0
DA:148,0
DA:149,0
DA:157,0
DA:158,0
DA:160,0
DA:161,0
DA:165,0
DA:172,0
DA:181,0
DA:186,0
DA:187,0
DA:193,0
DA:195,0
DA:197,0
DA:198,0
LF:62
LH:0
end_of_record
SF:lib/features/sync/domain/entities/s3_config.dart
DA:12,3
DA:23,1
DA:29,1
DA:30,1
DA:40,1
DA:48,1
DA:60,1
DA:61,1
DA:62,3
DA:63,2
DA:67,1
DA:68,2
DA:69,2
DA:70,2
DA:71,2
DA:72,2
DA:76,1
DA:85,1
DA:86,1
DA:87,1
DA:88,0
DA:89,1
DA:90,0
DA:91,1
DA:92,1
DA:96,1
DA:97,1
DA:98,1
DA:99,1
DA:100,1
DA:101,1
DA:102,1
DA:103,1
DA:104,1
DA:107,1
DA:109,5
LF:36
LH:34
end_of_record
SF:lib/features/folders/domain/entities/folder_node.dart
DA:14,4
DA:26,1
DA:27,2
DA:28,1
DA:29,2
DA:33,1
DA:34,4
DA:35,6
DA:39,2
DA:42,1
DA:43,2
DA:44,2
DA:45,2
DA:51,0
DA:52,0
DA:53,0
DA:54,0
DA:60,0
DA:61,0
DA:63,0
DA:64,0
DA:72,0
DA:74,0
DA:75,0
DA:79,0
DA:80,0
DA:88,1
DA:89,3
DA:90,1
DA:92,1
DA:97,1
DA:98,1
DA:99,4
DA:100,1
DA:101,1
DA:103,1
DA:108,1
DA:109,3
DA:110,1
DA:112,1
DA:117,1
DA:118,1
DA:119,4
DA:120,1
DA:121,1
DA:123,1
DA:128,0
DA:129,0
DA:130,0
DA:131,0
DA:133,0
DA:135,0
DA:140,0
DA:150,0
DA:151,0
DA:152,0
DA:153,0
DA:154,0
DA:155,0
DA:156,0
DA:157,0
DA:158,0
DA:163,1
DA:164,1
DA:165,1
DA:166,1
DA:167,2
DA:168,2
DA:169,1
DA:173,1
DA:174,2
DA:175,2
DA:176,2
DA:181,1
DA:182,1
DA:185,2
DA:186,2
DA:187,1
DA:192,2
DA:193,1
DA:194,1
DA:202,1
DA:203,1
DA:204,1
DA:205,1
DA:206,1
DA:207,1
DA:208,1
DA:209,1
DA:210,1
DA:211,1
DA:214,1
DA:216,7
DA:227,3
DA:235,0
DA:236,0
DA:237,0
DA:238,0
DA:239,0
DA:240,0
DA:241,0
DA:244,0
DA:246,0
LF:103
LH:65
end_of_record
SF:lib/features/notes/domain/entities/note_file.dart
DA:12,7
DA:23,1
DA:25,2
DA:29,1
DA:30,2
DA:31,2
DA:32,2
DA:36,1
DA:37,2
DA:38,2
DA:39,3
DA:40,2
DA:41,2
DA:45,4
DA:54,4
DA:55,4
DA:56,1
DA:57,2
DA:58,1
DA:59,4
DA:60,2
DA:61,4
DA:65,1
DA:66,1
DA:67,1
DA:68,1
DA:69,1
DA:70,1
DA:71,1
DA:72,1
DA:73,1
DA:77,1
DA:82,1
DA:84,1
DA:91,4
DA:92,1
DA:93,3
DA:94,3
DA:100,1
DA:102,2
DA:103,1
DA:104,1
DA:105,3
DA:106,1
DA:107,2
DA:108,2
DA:110,3
DA:111,1
DA:112,4
DA:113,3
DA:114,1
DA:116,1
DA:117,3
DA:118,1
DA:119,1
DA:120,3
DA:121,1
DA:122,1
DA:123,4
DA:128,4
DA:133,1
DA:134,0
DA:135,0
DA:136,0
DA:137,0
DA:139,0
DA:140,0
DA:141,0
DA:145,0
DA:147,0
DA:148,0
DA:149,0
DA:150,0
DA:151,0
DA:155,1
DA:156,1
DA:168,2
DA:169,2
DA:172,2
DA:173,6
DA:174,4
DA:175,14
DA:177,8
DA:178,8
DA:179,6
DA:180,2
DA:181,2
DA:184,4
DA:186,2
DA:189,0
DA:191,0
LF:91
LH:76
end_of_record
SF:lib/features/folders/presentation/bloc/folders_bloc.dart
DA:22,2
DA:25,2
DA:27,4
DA:28,4
DA:29,4
DA:30,4
DA:31,4
DA:32,4
DA:33,4
DA:34,4
DA:35,4
DA:36,4
DA:37,4
DA:38,4
DA:39,4
DA:40,4
DA:41,4
DA:42,4
DA:43,4
DA:44,4
DA:45,4
DA:49,2
DA:51,2
DA:54,4
DA:57,6
DA:58,0
DA:59,0
DA:64,6
DA:65,2
DA:68,2
DA:71,2
DA:73,4
DA:75,2
DA:76,2
DA:77,2
DA:78,2
DA:79,2
DA:80,2
DA:81,2
DA:84,2
DA:85,2
DA:92,1
DA:94,2
DA:96,2
DA:100,3
DA:101,3
DA:105,2
DA:106,1
DA:107,1
DA:108,1
DA:112,1
DA:115,2
DA:116,3
DA:120,2
DA:122,2
DA:124,2
DA:125,1
DA:130,2
DA:131,2
DA:132,2
DA:134,2
DA:136,2
DA:143,1
DA:145,2
DA:147,1
DA:148,2
DA:152,3
DA:153,3
DA:157,0
DA:158,0
DA:159,0
DA:163,0
DA:166,0
DA:167,0
DA:171,0
DA:172,0
DA:173,0
DA:176,0
DA:178,0
DA:179,0
DA:184,0
DA:185,0
DA:186,0
DA:188,2
DA:190,2
DA:191,1
DA:198,1
DA:200,2
DA:202,1
DA:207,2
DA:208,1
DA:209,1
DA:213,2
DA:216,3
DA:217,0
DA:219,3
DA:221,2
DA:224,1
DA:228,2
DA:229,2
DA:230,2
DA:232,0
DA:234,0
DA:235,0
DA:242,1
DA:244,2
DA:246,1
DA:251,2
DA:252,1
DA:253,1
DA:257,2
DA:258,1
DA:261,3
DA:262,0
DA:266,3
DA:267,0
DA:268,0
DA:272,2
DA:273,3
DA:276,0
DA:279,1
DA:284,0
DA:285,0
DA:286,0
DA:288,2
DA:290,2
DA:291,1
DA:298,1
DA:300,2
DA:302,1
DA:307,2
DA:308,1
DA:309,1
DA:310,1
DA:314,1
DA:317,2
DA:318,3
DA:322,1
DA:324,0
DA:327,0
DA:332,0
DA:333,0
DA:334,0
DA:336,2
DA:338,2
DA:339,1
DA:346,0
DA:347,0
DA:349,0
DA:350,0
DA:351,0
DA:356,0
DA:357,0
DA:359,0
DA:360,0
DA:361,0
DA:366,0
DA:367,0
DA:368,0
DA:370,0
DA:373,0
DA:374,0
DA:375,0
DA:380,0
DA:381,0
DA:383,0
DA:384,0
DA:385,0
DA:390,0
DA:391,0
DA:393,0
DA:394,0
DA:395,0
DA:400,0
DA:401,0
DA:402,0
DA:408,1
DA:410,2
DA:411,1
DA:412,1
DA:415,2
DA:418,2
DA:419,1
DA:420,1
DA:423,2
DA:424,1
DA:426,1
DA:427,1
DA:431,4
DA:432,0
DA:433,0
DA:434,0
DA:441,0
DA:442,0
DA:449,0
DA:450,0
DA:452,0
DA:453,0
DA:454,0
DA:459,1
DA:461,2
DA:463,1
DA:468,3
DA:470,3
DA:474,0
DA:475,0
DA:476,0
DA:477,0
DA:481,0
DA:484,0
DA:486,0
DA:489,0
DA:494,0
DA:495,0
DA:496,0
DA:498,2
DA:500,2
DA:501,1
DA:508,1
DA:510,2
DA:511,2
DA:512,1
DA:514,2
DA:517,1
DA:519,1
DA:521,2
DA:523,2
DA:524,2
DA:525,1
DA:527,2
DA:532,1
DA:533,1
DA:534,2
DA:535,1
DA:538,0
DA:539,0
DA:540,0
DA:544,0
DA:545,0
DA:546,0
DA:552,1
DA:553,1
DA:555,0
DA:556,0
DA:560,3
DA:562,2
DA:563,2
DA:564,1
DA:571,2
DA:572,2
DA:573,2
DA:575,0
DA:576,0
DA:583,1
DA:585,3
DA:586,2
DA:588,2
DA:589,1
DA:590,3
DA:595,1
DA:596,1
DA:598,0
DA:599,0
DA:600,0
DA:601,0
DA:602,0
DA:606,2
DA:609,2
DA:610,1
DA:611,3
DA:616,0
DA:617,0
DA:618,0
DA:620,0
DA:622,0
DA:623,0
DA:624,0
DA:626,0
DA:627,0
DA:633,2
DA:634,2
DA:636,4
DA:639,2
DA:640,2
DA:641,6
DA:643,0
DA:644,0
DA:646,0
DA:647,0
DA:649,0
DA:650,0
DA:652,0
DA:654,0
DA:658,2
DA:665,1
DA:670,0
DA:672,1
DA:674,1
DA:675,1
DA:676,1
DA:677,1
DA:678,1
DA:680,1
DA:681,1
DA:686,2
DA:690,2
DA:691,2
DA:692,6
DA:694,3
DA:695,1
DA:699,4
DA:700,2
DA:703,2
DA:707,2
DA:708,2
DA:713,1
DA:714,1
DA:716,0
DA:717,0
DA:718,0
DA:721,0
DA:722,0
DA:726,1
DA:727,0
DA:734,1
DA:737,2
DA:741,1
DA:742,2
DA:746,0
DA:747,0
DA:748,0
DA:751,0
DA:752,0
DA:757,2
DA:760,3
DA:763,1
DA:764,2
DA:768,1
DA:769,2
LF:339
LH:211
end_of_record
SF:lib/features/folders/presentation/bloc/folders_event.dart
DA:5,4
DA:7,0
DA:8,0
DA:16,4
DA:21,0
DA:22,0
DA:31,1
DA:37,0
DA:38,0
DA:46,1
DA:51,0
DA:52,0
DA:60,1
DA:65,0
DA:66,0
DA:74,1
DA:79,0
DA:80,0
DA:89,1
DA:95,0
DA:96,0
DA:103,1
DA:105,0
DA:106,0
DA:113,1
DA:115,0
DA:116,0
DA:123,1
DA:125,0
DA:126,0
DA:133,1
DA:135,0
DA:136,0
DA:141,1
DA:148,1
DA:150,0
DA:151,0
DA:159,1
DA:164,0
DA:165,0
DA:170,1
DA:178,1
DA:183,0
DA:184,0
DA:193,1
DA:199,0
DA:200,0
DA:207,2
DA:209,0
DA:210,0
DA:217,2
DA:219,0
DA:220,0
DA:228,1
DA:233,0
DA:234,0
LF:56
LH:20
end_of_record
SF:lib/features/folders/presentation/bloc/folders_state.dart
DA:7,49
DA:9,1
DA:10,1
DA:15,46
DA:20,45
DA:35,2
DA:48,1
DA:61,1
DA:62,1
DA:63,1
DA:64,0
DA:65,1
DA:66,1
DA:67,1
DA:68,1
DA:69,1
DA:70,1
DA:75,0
DA:76,0
DA:80,0
DA:81,0
DA:85,0
DA:86,0
DA:90,0
DA:91,0
DA:94,2
DA:95,2
DA:96,2
DA:97,2
DA:98,2
DA:99,2
DA:100,2
DA:101,2
DA:102,2
DA:103,2
DA:104,2
DA:114,2
DA:120,1
DA:121,4
DA:131,1
DA:138,1
DA:139,5
DA:149,1
DA:156,1
DA:157,5
DA:165,2
DA:170,1
DA:171,3
DA:181,1
DA:188,1
DA:189,5
DA:200,2
DA:209,0
DA:210,0
DA:211,0
DA:214,1
DA:215,6
DA:226,1
DA:235,0
DA:238,0
DA:240,1
DA:241,6
DA:249,2
DA:254,1
DA:255,3
LF:65
LH:51
end_of_record
SF:lib/features/folders/presentation/widgets/folder_context_menu.dart
DA:8,0
DA:21,0
DA:22,0
DA:24,0
DA:26,0
DA:28,0
DA:31,0
DA:37,0
DA:39,0
DA:42,0
DA:50,0
DA:52,0
DA:60,0
DA:62,0
DA:65,0
DA:66,0
DA:74,0
DA:76,0
DA:84,0
DA:86,0
DA:94,0
DA:96,0
DA:106,0
DA:108,0
DA:116,0
DA:118,0
DA:128,0
DA:134,0
DA:136,0
DA:137,0
DA:143,0
DA:145,0
DA:152,0
DA:166,0
DA:168,0
DA:169,0
DA:170,0
DA:171,0
DA:172,0
DA:174,0
DA:188,0
DA:189,0
DA:198,0
DA:203,0
DA:205,0
DA:213,0
DA:217,0
DA:219,0
DA:224,0
DA:228,0
DA:230,0
DA:235,0
DA:239,0
DA:241,0
DA:251,0
DA:256,0
DA:257,0
DA:264,0
DA:266,0
DA:267,0
DA:270,0
DA:272,0
DA:273,0
DA:274,0
DA:275,0
DA:276,0
DA:279,0
DA:280,0
DA:281,0
DA:284,0
DA:285,0
DA:292,0
DA:293,0
DA:296,0
DA:299,0
DA:304,0
DA:309,0
DA:310,0
DA:311,0
DA:314,0
DA:315,0
DA:322,0
DA:323,0
DA:324,0
DA:333,0
DA:335,0
DA:336,0
DA:343,0
DA:345,0
DA:346,0
DA:349,0
DA:351,0
DA:352,0
DA:355,0
DA:357,0
DA:359,0
DA:360,0
DA:361,0
DA:362,0
DA:368,0
DA:369,0
DA:372,0
DA:375,0
DA:378,0
DA:383,0
DA:386,0
DA:387,0
DA:388,0
DA:391,0
DA:392,0
DA:399,0
DA:400,0
DA:401,0
DA:410,0
DA:412,0
DA:414,0
DA:415,0
DA:417,0
DA:419,0
DA:422,0
DA:423,0
DA:424,0
DA:426,0
DA:428,0
DA:429,0
DA:430,0
DA:431,0
DA:432,0
DA:435,0
DA:437,0
DA:438,0
DA:439,0
DA:440,0
DA:443,0
DA:446,0
DA:448,0
DA:450,0
DA:456,0
DA:458,0
DA:461,0
DA:462,0
DA:463,0
DA:464,0
DA:466,0
DA:467,0
DA:468,0
DA:469,0
DA:471,0
DA:472,0
DA:474,0
DA:475,0
DA:485,0
DA:486,0
DA:487,0
DA:490,0
DA:491,0
DA:492,0
DA:493,0
DA:494,0
DA:507,0
DA:509,0
DA:511,0
DA:512,0
DA:514,0
DA:515,0
DA:516,0
DA:518,0
DA:520,0
DA:521,0
DA:524,0
DA:525,0
DA:526,0
DA:527,0
DA:528,0
DA:529,0
DA:533,0
DA:536,0
DA:537,0
DA:538,0
DA:539,0
DA:540,0
DA:544,0
DA:547,0
DA:548,0
DA:549,0
DA:550,0
DA:556,0
DA:557,0
DA:558,0
DA:565,0
DA:570,0
DA:572,0
DA:575,0
DA:576,0
DA:577,0
DA:578,0
DA:579,0
DA:582,0
DA:584,0
DA:585,0
DA:587,0
DA:592,0
DA:598,0
DA:599,0
DA:601,0
DA:603,0
DA:604,0
DA:606,0
DA:607,0
DA:611,0
DA:612,0
DA:622,0
DA:623,0
DA:624,0
LF:214
LH:0
end_of_record
SF:lib/features/folders/presentation/widgets/folder_tree_item.dart
DA:19,1
DA:34,1
DA:35,1
DA:44,1
DA:46,1
DA:47,2
DA:51,2
DA:52,1
DA:56,2
DA:57,2
DA:61,1
DA:63,1
DA:64,4
DA:65,2
DA:66,2
DA:68,0
DA:73,1
DA:75,2
DA:76,1
DA:79,1
DA:81,1
DA:82,1
DA:84,1
DA:85,4
DA:86,4
DA:87,1
DA:88,2
DA:89,2
DA:90,2
DA:91,1
DA:92,2
DA:94,1
DA:95,1
DA:96,1
DA:97,2
DA:98,1
DA:99,1
DA:104,1
DA:105,1
DA:107,4
DA:109,1
DA:111,1
DA:114,1
DA:115,1
DA:118,4
DA:119,1
DA:121,2
DA:130,1
DA:131,2
DA:132,1
DA:134,1
DA:135,2
DA:137,2
DA:138,2
DA:144,1
DA:145,2
DA:149,1
DA:152,1
DA:153,2
DA:156,1
DA:157,1
DA:158,1
DA:159,1
DA:160,3
DA:165,2
DA:171,1
DA:175,4
DA:182,3
DA:184,6
DA:190,2
DA:191,1
DA:192,1
DA:194,1
DA:202,1
DA:203,1
DA:204,3
DA:205,3
DA:206,2
DA:207,2
DA:209,2
DA:217,1
DA:218,1
DA:221,1
DA:222,1
DA:223,1
DA:225,1
DA:226,5
DA:227,1
DA:229,1
DA:237,1
DA:238,1
DA:240,1
DA:242,1
DA:245,2
DA:248,1
DA:251,0
DA:258,1
DA:263,1
DA:266,1
DA:270,1
DA:272,1
DA:274,5
DA:281,1
DA:284,1
DA:285,1
DA:286,2
DA:287,2
DA:293,0
DA:295,0
DA:296,0
DA:297,0
DA:298,0
DA:299,0
DA:300,0
DA:301,0
DA:312,1
DA:316,1
DA:317,1
DA:324,1
DA:326,2
DA:327,1
DA:330,1
DA:332,1
DA:334,1
DA:335,1
DA:336,1
DA:339,1
DA:340,5
DA:342,1
DA:343,1
DA:350,1
DA:351,2
DA:354,1
DA:359,0
DA:364,1
DA:365,1
DA:366,0
DA:369,1
DA:370,1
DA:377,1
DA:378,3
DA:379,0
DA:380,0
LF:143
LH:129
end_of_record
SF:lib/features/folders/presentation/widgets/folder_tree_widget.dart
DA:21,2
DA:32,2
DA:33,2
DA:41,2
DA:43,2
DA:45,6
DA:46,8
DA:47,4
DA:52,2
DA:54,4
DA:55,2
DA:58,2
DA:60,2
DA:61,2
DA:62,2
DA:63,2
DA:64,4
DA:65,2
DA:67,2
DA:68,2
DA:70,2
DA:71,2
DA:81,2
DA:82,2
DA:83,2
DA:84,2
DA:86,8
DA:92,2
DA:93,2
DA:99,2
DA:100,2
DA:107,2
DA:108,2
DA:115,2
DA:116,2
DA:127,2
DA:128,2
DA:134,2
DA:135,0
DA:136,0
DA:138,0
DA:139,0
DA:142,0
DA:145,0
DA:147,0
DA:150,0
DA:151,0
DA:152,0
DA:156,0
DA:157,0
DA:165,2
DA:166,0
DA:168,0
DA:169,0
DA:172,0
DA:175,2
DA:179,2
DA:180,2
DA:181,2
DA:183,2
DA:184,2
DA:187,8
DA:190,2
DA:192,8
DA:193,8
DA:197,2
DA:199,8
DA:200,8
DA:209,0
DA:214,0
DA:215,0
DA:216,0
DA:217,0
DA:218,0
DA:219,0
DA:220,0
DA:221,0
DA:228,0
DA:234,0
DA:235,0
DA:236,0
DA:238,0
DA:240,0
DA:242,0
DA:253,0
DA:254,0
DA:261,0
DA:270,0
DA:276,0
DA:277,0
DA:278,0
DA:279,0
DA:280,0
DA:281,0
DA:283,0
DA:286,0
DA:291,0
DA:292,0
DA:293,0
DA:295,0
DA:296,0
DA:298,0
DA:300,0
DA:301,0
DA:302,0
DA:303,0
DA:304,0
DA:308,0
DA:309,0
DA:310,0
DA:313,0
DA:316,0
DA:317,0
DA:318,0
DA:319,0
DA:320,0
DA:329,0
DA:333,0
DA:334,0
DA:335,0
DA:338,0
DA:339,0
DA:340,0
DA:341,0
DA:344,0
DA:345,0
DA:346,0
DA:348,0
DA:351,0
DA:352,0
DA:354,0
DA:355,0
DA:356,0
DA:357,0
DA:361,0
DA:362,0
DA:363,0
DA:364,0
DA:368,0
DA:376,1
DA:377,1
DA:378,0
DA:379,0
DA:380,0
DA:381,0
DA:384,1
DA:385,0
DA:386,0
DA:387,0
DA:388,0
DA:395,0
DA:396,0
DA:397,0
DA:401,0
DA:402,0
DA:406,1
DA:407,5
DA:411,1
DA:412,5
DA:416,1
DA:417,3
DA:418,2
DA:424,1
DA:425,2
DA:426,2
DA:429,1
DA:430,0
DA:433,1
DA:437,1
DA:438,1
DA:440,2
DA:442,1
DA:445,1
DA:446,1
DA:447,0
DA:450,1
DA:457,0
DA:458,0
DA:459,0
DA:460,0
DA:466,1
DA:467,1
DA:468,0
DA:471,1
DA:472,0
DA:473,0
DA:475,0
DA:485,0
DA:486,0
DA:493,0
DA:494,0
DA:501,0
DA:506,0
DA:508,0
DA:509,0
DA:510,0
DA:511,0
DA:512,0
DA:514,0
DA:517,0
DA:518,0
DA:519,0
DA:520,0
DA:521,0
DA:522,0
DA:523,0
DA:529,0
DA:530,0
DA:532,0
DA:534,0
DA:535,0
DA:541,0
DA:542,0
DA:543,0
DA:544,0
DA:548,0
DA:549,0
DA:550,0
DA:553,0
DA:554,0
DA:563,0
DA:564,0
DA:566,0
DA:568,0
DA:571,0
DA:572,0
DA:573,0
DA:575,0
DA:576,0
DA:577,0
DA:578,0
DA:584,0
DA:585,0
DA:586,0
DA:589,0
DA:590,0
DA:591,0
DA:592,0
DA:594,0
DA:595,0
DA:596,0
DA:606,0
DA:607,0
DA:614,0
DA:615,0
DA:622,0
DA:624,0
DA:625,0
DA:630,0
DA:632,0
DA:633,0
DA:638,0
DA:640,0
DA:646,0
DA:647,0
DA:649,0
DA:650,0
DA:651,0
DA:654,0
DA:655,0
DA:656,0
DA:657,0
DA:658,0
DA:659,0
DA:660,0
DA:661,0
DA:662,0
DA:665,0
DA:666,0
DA:667,0
DA:676,0
DA:677,0
DA:679,0
DA:681,0
DA:682,0
DA:684,0
DA:685,0
DA:689,0
DA:690,0
DA:698,0
DA:699,0
DA:700,0
LF:282
LH:77
end_of_record
SF:lib/features/notes/presentation/widgets/note_list_widget.dart
DA:31,2
DA:44,2
DA:45,2
DA:57,2
DA:59,2
DA:60,6
DA:63,6
DA:64,2
DA:68,2
DA:70,2
DA:73,8
DA:74,4
DA:75,1
DA:79,2
DA:81,4
DA:82,4
DA:83,2
DA:86,2
DA:87,8
DA:88,4
DA:89,5
DA:90,4
DA:91,2
DA:92,2
DA:96,1
DA:97,2
DA:98,1
DA:102,2
DA:103,2
DA:104,1
DA:109,1
DA:110,2
DA:111,2
DA:112,0
DA:114,1
DA:115,1
DA:119,4
DA:120,1
DA:121,1
DA:125,1
DA:126,2
DA:127,1
DA:131,1
DA:132,5
DA:133,3
DA:136,0
DA:137,0
DA:140,1
DA:141,1
DA:144,1
DA:145,1
DA:146,1
DA:147,2
DA:149,3
DA:150,1
DA:151,1
DA:152,0
DA:155,1
DA:156,1
DA:157,2
DA:159,5
DA:160,2
DA:162,1
DA:170,1
DA:171,1
DA:172,1
DA:173,2
DA:174,1
DA:175,1
DA:176,1
DA:181,2
DA:183,2
DA:184,2
DA:186,6
DA:187,2
DA:190,2
DA:191,2
DA:192,2
DA:193,2
DA:201,2
DA:202,1
DA:205,2
DA:206,1
DA:209,2
DA:210,1
DA:223,2
DA:224,2
DA:226,2
DA:227,8
DA:228,2
DA:229,2
DA:230,6
DA:235,2
DA:236,2
DA:238,4
DA:239,2
DA:240,2
DA:241,2
DA:243,2
DA:244,0
DA:247,8
DA:248,2
DA:251,4
DA:252,2
DA:253,2
DA:255,2
DA:256,2
DA:257,4
DA:258,4
DA:260,1
DA:261,1
DA:262,1
DA:278,2
DA:281,2
DA:287,2
DA:290,1
DA:291,3
DA:301,1
DA:302,1
DA:303,1
DA:305,1
DA:306,1
DA:309,4
DA:312,1
DA:314,4
DA:317,1
DA:318,1
DA:319,4
DA:323,1
DA:326,0
DA:327,0
DA:335,1
DA:336,2
DA:337,1
DA:340,1
DA:341,0
DA:342,0
DA:344,2
DA:345,3
DA:346,3
DA:350,1
DA:351,1
DA:352,1
DA:354,1
DA:356,1
DA:357,1
DA:358,1
DA:359,2
DA:360,5
DA:365,1
DA:368,1
DA:369,2
DA:370,1
DA:371,3
DA:379,1
DA:380,2
DA:381,1
DA:382,2
DA:383,2
DA:384,0
DA:390,1
DA:391,1
DA:392,1
DA:393,1
DA:394,1
DA:395,2
DA:397,1
DA:400,2
DA:401,0
DA:402,2
DA:408,1
DA:409,1
DA:417,1
DA:418,1
DA:419,1
DA:420,2
DA:422,1
DA:425,0
DA:426,0
DA:427,0
DA:433,1
DA:434,1
DA:435,1
DA:437,1
DA:438,1
DA:441,4
DA:444,1
DA:446,5
DA:447,4
DA:451,1
DA:453,5
DA:454,4
DA:462,1
DA:463,1
DA:464,1
DA:466,1
DA:467,1
DA:470,4
DA:473,1
DA:475,5
DA:476,4
DA:480,1
DA:482,5
DA:483,4
DA:500,1
DA:509,1
DA:511,1
DA:512,1
DA:514,1
DA:516,1
DA:517,3
DA:518,1
DA:519,1
DA:520,1
DA:521,1
DA:523,1
DA:525,1
DA:527,1
DA:528,1
DA:529,1
DA:530,1
DA:531,2
DA:532,3
DA:534,3
DA:542,2
DA:543,1
DA:546,1
DA:548,1
DA:561,1
DA:562,1
DA:564,1
DA:565,2
DA:567,1
DA:568,2
DA:572,2
DA:594,1
DA:596,3
DA:605,3
DA:606,1
DA:607,2
DA:608,3
DA:609,1
DA:610,3
DA:611,4
DA:617,1
DA:620,1
DA:621,1
DA:623,3
DA:624,1
DA:625,1
DA:628,6
DA:630,1
DA:631,2
DA:632,1
DA:634,1
DA:636,3
DA:637,2
DA:640,1
DA:645,1
DA:646,3
DA:647,3
DA:648,1
DA:649,3
DA:650,4
DA:671,1
DA:680,1
DA:682,1
DA:683,1
DA:685,1
DA:686,1
DA:687,1
DA:688,1
DA:689,1
DA:690,1
DA:691,1
DA:693,1
DA:695,1
DA:697,1
DA:698,1
DA:699,1
DA:700,1
DA:701,2
DA:702,3
DA:704,1
DA:711,1
DA:712,0
DA:714,0
DA:715,0
DA:717,0
DA:718,0
DA:722,0
DA:744,1
DA:747,1
DA:756,1
DA:757,3
DA:758,1
DA:759,2
DA:760,3
DA:761,1
DA:762,0
DA:763,4
DA:768,1
DA:770,3
DA:771,2
DA:780,1
DA:781,1
DA:783,2
DA:784,1
DA:786,1
DA:788,1
DA:800,1
DA:803,1
DA:804,3
DA:805,3
DA:806,1
DA:807,0
DA:808,4
DA:816,4
DA:818,1
DA:821,6
DA:823,1
DA:824,2
DA:825,1
DA:827,1
DA:829,3
DA:830,2
DA:834,1
DA:851,1
DA:857,1
DA:859,1
DA:867,1
DA:868,1
DA:869,4
DA:871,1
DA:872,1
DA:874,1
DA:877,1
DA:878,1
DA:880,4
DA:886,2
DA:890,2
DA:892,1
DA:893,1
DA:894,1
DA:896,1
DA:897,1
DA:898,3
DA:902,1
DA:903,2
DA:904,2
DA:909,1
LF:351
LH:329
end_of_record
SF:lib/features/tags/presentation/widgets/tag_filter_widget.dart
DA:31,2
DA:41,2
DA:42,2
DA:49,2
DA:51,2
DA:53,6
DA:56,2
DA:58,4
DA:59,2
DA:62,0
DA:63,0
DA:66,0
DA:67,0
DA:70,0
DA:71,0
DA:74,1
DA:75,1
DA:76,0
DA:78,4
DA:82,1
DA:85,3
DA:86,4
DA:92,2
DA:94,2
DA:95,1
DA:96,1
DA:97,4
DA:100,2
DA:101,2
DA:107,2
DA:108,1
DA:109,1
DA:111,1
DA:112,1
DA:115,3
DA:118,1
DA:120,3
DA:123,1
DA:124,1
DA:125,3
DA:129,1
DA:130,0
DA:131,0
DA:140,2
DA:144,3
DA:145,2
DA:146,5
DA:147,1
DA:149,1
DA:150,1
DA:152,1
DA:154,1
DA:156,1
DA:157,1
DA:158,1
DA:161,2
DA:164,1
DA:166,4
DA:171,3
DA:172,1
DA:174,1
DA:175,3
DA:176,1
DA:178,1
DA:179,3
DA:180,4
DA:181,2
DA:193,3
DA:194,1
DA:195,1
DA:196,1
DA:197,1
DA:200,3
DA:201,0
DA:203,0
DA:204,0
DA:205,0
DA:209,1
DA:210,1
DA:222,3
DA:223,1
DA:224,1
DA:225,3
DA:226,1
DA:228,3
DA:231,1
DA:244,2
DA:245,0
DA:246,0
DA:250,1
DA:251,3
DA:252,1
DA:253,1
DA:264,3
DA:265,1
DA:267,1
DA:268,3
DA:269,1
DA:270,1
DA:271,3
DA:274,1
DA:276,1
DA:277,1
DA:278,1
DA:279,1
DA:282,2
DA:285,1
DA:286,3
DA:287,4
DA:288,2
DA:295,1
DA:298,4
DA:299,1
DA:302,0
DA:304,1
DA:313,2
DA:314,1
DA:315,1
DA:317,1
DA:318,1
DA:321,2
DA:324,1
DA:325,3
DA:328,4
DA:329,2
DA:335,1
DA:336,1
DA:338,3
DA:342,1
DA:345,2
DA:346,3
DA:347,1
DA:348,1
DA:349,1
DA:351,0
DA:353,1
DA:357,1
DA:359,1
DA:360,1
DA:361,1
DA:362,2
DA:363,1
DA:367,4
DA:370,4
DA:372,1
DA:373,1
DA:374,0
DA:375,0
DA:376,0
DA:402,1
DA:408,1
DA:410,1
DA:411,1
DA:416,1
DA:429,1
DA:435,0
DA:439,0
DA:445,0
DA:451,1
DA:453,1
DA:458,1
DA:459,1
DA:461,1
DA:462,1
DA:464,1
DA:467,1
DA:468,2
DA:469,1
DA:475,1
DA:476,1
DA:477,1
DA:479,3
DA:482,1
DA:483,0
DA:492,1
DA:493,1
DA:495,1
DA:496,1
LF:178
LH:154
end_of_record
SF:lib/features/tags/domain/entities/tag_filter.dart
DA:14,135
DA:21,1
DA:26,1
DA:27,0
DA:28,1
DA:29,0
DA:34,1
DA:35,2
DA:39,1
DA:40,3
DA:46,0
DA:47,0
DA:49,0
DA:51,0
DA:56,1
DA:57,2
DA:58,0
DA:60,1
DA:65,1
DA:66,1
DA:67,1
DA:73,2
DA:74,4
DA:78,6
DA:81,6
DA:83,1
DA:84,4
DA:86,1
DA:88,4
DA:103,0
DA:105,0
DA:107,0
DA:113,0
DA:115,0
DA:117,0
LF:35
LH:22
end_of_record
SF:lib/features/notes/presentation/bloc/notes_bloc.dart
DA:26,1
DA:29,1
DA:30,2
DA:31,2
DA:32,2
DA:33,2
DA:34,2
DA:35,2
DA:36,2
DA:37,2
DA:38,2
DA:39,2
DA:40,2
DA:41,2
DA:42,2
DA:43,2
DA:44,2
DA:45,2
DA:46,2
DA:47,2
DA:48,2
DA:52,1
DA:54,1
DA:57,2
DA:58,2
DA:59,2
DA:60,2
DA:61,2
DA:64,1
DA:67,1
DA:69,2
DA:71,1
DA:72,1
DA:73,1
DA:74,1
DA:75,1
DA:76,1
DA:79,0
DA:80,0
DA:87,1
DA:89,1
DA:92,2
DA:93,2
DA:94,2
DA:97,2
DA:98,1
DA:99,1
DA:103,1
DA:104,2
DA:105,1
DA:106,1
DA:107,2
DA:108,1
DA:109,1
DA:113,1
DA:116,2
DA:119,1
DA:121,2
DA:124,1
DA:129,2
DA:131,1
DA:132,1
DA:133,1
DA:134,1
DA:135,1
DA:136,1
DA:137,1
DA:140,2
DA:142,2
DA:149,1
DA:151,2
DA:153,1
DA:157,6
DA:158,2
DA:159,3
DA:162,2
DA:163,3
DA:166,1
DA:167,1
DA:168,1
DA:169,1
DA:170,1
DA:174,1
DA:177,2
DA:180,1
DA:182,2
DA:185,1
DA:190,2
DA:192,1
DA:193,1
DA:194,1
DA:195,1
DA:196,1
DA:197,1
DA:198,1
DA:201,2
DA:203,2
DA:204,1
DA:211,1
DA:213,2
DA:215,1
DA:218,3
DA:219,1
DA:221,1
DA:222,1
DA:226,6
DA:229,1
DA:231,2
DA:234,1
DA:238,2
DA:240,1
DA:241,1
DA:242,1
DA:243,1
DA:244,1
DA:245,1
DA:248,0
DA:250,0
DA:251,0
DA:258,0
DA:260,0
DA:262,0
DA:265,0
DA:266,0
DA:267,0
DA:270,0
DA:271,0
DA:272,0
DA:276,0
DA:277,0
DA:278,0
DA:282,0
DA:283,0
DA:284,0
DA:285,0
DA:287,0
DA:292,0
DA:294,0
DA:297,0
DA:301,0
DA:303,0
DA:304,0
DA:305,0
DA:306,0
DA:307,0
DA:308,0
DA:311,0
DA:313,0
DA:314,0
DA:321,0
DA:323,0
DA:325,0
DA:329,0
DA:330,0
DA:331,0
DA:335,0
DA:336,0
DA:337,0
DA:340,0
DA:341,0
DA:342,0
DA:346,0
DA:347,0
DA:349,0
DA:350,0
DA:354,0
DA:357,0
DA:360,0
DA:362,0
DA:365,0
DA:370,0
DA:372,0
DA:373,0
DA:374,0
DA:375,0
DA:376,0
DA:377,0
DA:378,0
DA:381,0
DA:383,0
DA:384,0
DA:391,1
DA:393,2
DA:394,1
DA:395,1
DA:399,2
DA:400,2
DA:401,2
DA:404,1
DA:405,1
DA:406,1
DA:407,1
DA:408,1
DA:411,2
DA:412,1
DA:414,1
DA:415,1
DA:416,1
DA:417,1
DA:420,0
DA:421,0
DA:428,1
DA:430,2
DA:431,2
DA:433,1
DA:435,2
DA:437,1
DA:438,1
DA:439,1
DA:440,1
DA:441,1
DA:442,1
DA:445,0
DA:446,0
DA:453,1
DA:455,2
DA:456,2
DA:458,1
DA:460,2
DA:461,1
DA:462,2
DA:464,1
DA:465,1
DA:469,0
DA:470,0
DA:477,0
DA:478,0
DA:479,0
DA:480,0
DA:481,0
DA:482,0
DA:483,0
DA:488,1
DA:489,1
DA:490,1
DA:492,1
DA:494,2
DA:496,1
DA:499,1
DA:500,1
DA:501,1
DA:506,1
DA:507,2
DA:508,1
DA:509,2
DA:510,1
DA:511,1
DA:517,1
DA:518,2
DA:519,1
DA:520,2
DA:522,1
DA:528,0
DA:529,0
DA:530,0
DA:531,0
DA:533,0
DA:539,0
DA:541,0
DA:543,0
DA:545,0
DA:550,0
DA:552,0
DA:554,0
DA:556,0
DA:558,0
DA:562,0
DA:563,0
DA:565,0
DA:566,0
DA:570,0
DA:571,0
DA:573,0
DA:574,0
DA:579,0
DA:581,0
DA:583,0
DA:590,0
DA:592,0
DA:593,0
DA:594,0
DA:595,0
DA:596,0
DA:597,0
DA:600,0
DA:601,0
DA:608,0
DA:610,0
DA:611,0
DA:612,0
DA:616,0
DA:617,0
DA:618,0
DA:622,0
DA:624,0
DA:625,0
DA:626,0
DA:627,0
DA:630,0
DA:632,0
DA:633,0
DA:640,0
DA:642,0
DA:643,0
DA:644,0
DA:648,0
DA:649,0
DA:650,0
DA:651,0
DA:655,0
DA:658,0
DA:660,0
DA:661,0
DA:663,0
DA:667,0
DA:669,0
DA:670,0
DA:671,0
DA:672,0
DA:673,0
DA:674,0
DA:677,0
DA:679,0
DA:686,1
DA:687,2
DA:689,2
DA:690,1
DA:691,0
DA:695,3
DA:696,3
DA:698,2
DA:699,0
DA:709,1
DA:710,2
DA:713,1
DA:714,0
DA:715,0
DA:716,0
DA:717,0
DA:721,1
DA:722,0
DA:723,0
DA:729,3
DA:730,2
DA:731,5
DA:732,1
DA:736,2
DA:739,1
DA:740,1
DA:741,3
DA:743,1
DA:744,0
DA:746,1
DA:747,3
DA:749,1
DA:750,5
DA:752,0
DA:753,0
DA:757,2
DA:764,1
DA:771,1
DA:772,1
DA:774,2
DA:776,0
DA:777,0
DA:778,0
DA:784,0
DA:785,0
DA:791,3
DA:795,3
DA:800,5
DA:805,1
DA:809,1
DA:810,1
DA:811,1
DA:812,0
DA:814,0
DA:821,1
DA:822,1
DA:823,1
DA:824,1
DA:828,0
DA:829,0
DA:832,0
DA:833,0
DA:835,0
DA:836,0
DA:838,0
DA:844,0
DA:848,0
DA:849,0
DA:852,0
DA:853,0
DA:855,0
DA:856,0
DA:861,0
DA:866,0
DA:867,0
DA:868,0
DA:871,0
DA:872,0
DA:878,0
DA:879,0
DA:880,0
DA:884,0
DA:885,0
DA:886,0
DA:887,0
DA:890,0
DA:891,0
DA:892,0
DA:898,0
DA:899,0
DA:901,0
DA:905,1
DA:907,1
DA:910,1
DA:911,2
DA:912,1
DA:916,2
DA:919,2
DA:920,1
DA:921,1
DA:925,1
DA:926,2
DA:928,1
DA:929,2
DA:936,1
DA:939,2
DA:942,1
DA:944,2
DA:947,1
DA:952,2
DA:954,1
DA:955,1
DA:956,1
DA:957,1
DA:958,1
DA:959,1
DA:960,1
DA:963,2
DA:965,2
DA:972,1
DA:974,1
DA:977,1
DA:980,3
DA:983,1
DA:986,0
DA:987,0
DA:988,0
DA:990,0
DA:991,0
DA:993,0
DA:994,0
DA:996,0
DA:997,0
DA:999,0
DA:1000,0
DA:1004,0
DA:1007,2
DA:1010,1
DA:1011,1
DA:1012,1
DA:1015,0
DA:1016,0
DA:1023,1
DA:1025,2
DA:1026,3
DA:1027,2
DA:1030,2
DA:1035,14
DA:1039,1
DA:1040,20
LF:473
LH:257
end_of_record
SF:lib/features/tags/presentation/bloc/tags_bloc.dart
DA:31,1
DA:44,1
DA:46,2
DA:47,2
DA:48,2
DA:49,2
DA:50,2
DA:51,2
DA:52,2
DA:53,2
DA:54,2
DA:55,2
DA:56,2
DA:57,2
DA:58,2
DA:59,2
DA:60,2
DA:61,2
DA:62,2
DA:63,2
DA:64,2
DA:65,2
DA:66,2
DA:67,2
DA:71,1
DA:73,1
DA:76,3
DA:77,0
DA:78,0
DA:83,2
DA:84,1
DA:87,1
DA:89,2
DA:91,2
DA:92,2
DA:99,1
DA:101,2
DA:103,1
DA:104,2
DA:108,3
DA:109,1
DA:110,1
DA:111,1
DA:115,1
DA:117,2
DA:119,2
DA:120,1
DA:125,2
DA:126,2
DA:128,2
DA:130,2
DA:131,1
DA:138,0
DA:140,0
DA:142,0
DA:143,0
DA:147,0
DA:149,0
DA:153,0
DA:154,0
DA:155,0
DA:156,0
DA:157,0
DA:160,0
DA:163,0
DA:166,0
DA:167,0
DA:168,0
DA:169,0
DA:170,0
DA:174,0
DA:177,0
DA:182,0
DA:183,0
DA:185,0
DA:187,0
DA:188,0
DA:195,1
DA:197,2
DA:199,1
DA:200,2
DA:204,3
DA:205,1
DA:206,1
DA:210,2
DA:213,3
DA:214,0
DA:217,2
DA:219,2
DA:220,1
DA:224,2
DA:225,2
DA:227,2
DA:229,2
DA:230,1
DA:237,0
DA:239,0
DA:241,0
DA:243,0
DA:246,0
DA:248,0
DA:250,0
DA:252,0
DA:254,0
DA:256,0
DA:260,0
DA:262,0
DA:265,0
DA:268,0
DA:269,0
DA:272,0
DA:273,0
DA:275,0
DA:276,0
DA:280,0
DA:282,0
DA:284,0
DA:291,0
DA:292,0
DA:294,0
DA:295,0
DA:302,1
DA:304,3
DA:306,2
DA:309,3
DA:310,1
DA:311,1
DA:314,2
DA:315,1
DA:317,1
DA:321,4
DA:322,0
DA:323,0
DA:329,2
DA:330,2
DA:337,0
DA:338,0
DA:340,0
DA:341,0
DA:342,0
DA:347,1
DA:349,3
DA:350,1
DA:351,1
DA:354,2
DA:355,1
DA:360,2
DA:361,0
DA:362,0
DA:365,0
DA:366,0
DA:373,1
DA:374,4
DA:376,2
DA:377,1
DA:378,3
DA:383,0
DA:384,0
DA:386,0
DA:387,0
DA:388,0
DA:393,1
DA:394,4
DA:396,2
DA:397,1
DA:398,3
DA:403,0
DA:404,0
DA:406,0
DA:407,0
DA:408,0
DA:413,1
DA:414,3
DA:416,2
DA:417,1
DA:418,3
DA:423,0
DA:426,0
DA:427,0
DA:428,0
DA:433,0
DA:435,0
DA:437,0
DA:438,0
DA:439,0
DA:442,0
DA:443,0
DA:450,0
DA:452,0
DA:454,0
DA:455,0
DA:456,0
DA:459,0
DA:460,0
DA:467,1
DA:469,3
DA:472,2
DA:473,2
DA:474,0
DA:475,0
DA:476,0
DA:478,0
DA:481,0
DA:482,0
DA:483,0
DA:492,0
DA:494,0
DA:497,0
DA:498,0
DA:499,0
DA:500,0
DA:501,0
DA:503,0
DA:505,0
DA:510,0
DA:511,0
DA:512,0
DA:520,1
DA:522,2
DA:527,2
DA:530,2
DA:531,1
DA:534,2
DA:535,0
DA:539,2
DA:541,2
DA:545,2
DA:546,2
DA:548,0
DA:549,0
DA:556,0
DA:558,0
DA:560,0
DA:561,0
DA:562,0
DA:565,0
DA:566,0
DA:573,1
DA:575,1
DA:577,2
DA:580,2
DA:581,1
DA:583,2
DA:585,1
DA:589,2
DA:590,2
DA:592,0
DA:593,0
DA:600,1
DA:601,2
DA:602,2
DA:604,2
DA:606,2
DA:607,1
DA:608,2
DA:610,1
DA:611,1
DA:617,1
DA:618,1
DA:620,2
DA:623,1
DA:624,1
DA:625,3
DA:627,0
DA:628,0
DA:630,0
DA:631,0
DA:633,0
DA:634,0
DA:636,0
DA:637,0
DA:641,1
DA:648,1
DA:652,1
DA:654,1
DA:655,1
DA:656,1
DA:657,1
DA:663,1
DA:664,2
DA:668,1
DA:669,2
DA:673,0
DA:674,0
DA:675,0
DA:676,0
DA:681,2
DA:684,1
DA:685,2
DA:689,3
DA:692,3
LF:291
LH:155
end_of_record
SF:lib/features/notes/presentation/bloc/notes_event.dart
DA:6,49
DA:8,0
DA:9,0
DA:20,4
DA:28,1
DA:29,6
DA:40,1
DA:48,0
DA:49,0
DA:60,2
DA:68,0
DA:69,0
DA:76,2
DA:78,1
DA:79,2
DA:87,0
DA:92,0
DA:93,0
DA:102,0
DA:108,0
DA:109,0
DA:119,1
DA:126,0
DA:127,0
DA:136,1
DA:142,0
DA:143,0
DA:151,3
DA:156,1
DA:157,3
DA:162,45
DA:167,46
DA:174,2
DA:176,1
DA:177,2
DA:182,1
DA:189,0
DA:191,0
DA:192,0
DA:199,0
DA:201,0
DA:202,0
DA:211,0
DA:217,0
DA:218,0
DA:227,0
DA:233,0
DA:234,0
DA:242,1
DA:247,0
DA:248,0
DA:256,1
DA:261,0
DA:262,0
LF:54
LH:22
end_of_record
SF:lib/shared/widgets/responsive_layout.dart
DA:26,1
DA:34,1
DA:36,1
DA:37,1
DA:38,2
DA:41,1
DA:42,1
DA:43,1
DA:44,1
DA:45,0
DA:46,0
DA:47,0
DA:48,0
DA:54,1
DA:55,1
DA:57,1
DA:59,1
DA:71,1
DA:76,1
DA:78,1
DA:79,1
DA:80,2
DA:81,2
DA:94,45
DA:101,1
DA:103,1
DA:104,1
DA:105,1
DA:106,2
DA:107,1
DA:108,1
DA:109,1
DA:110,2
DA:120,1
DA:126,1
DA:128,1
DA:129,1
DA:130,1
DA:131,2
DA:132,1
DA:150,0
DA:162,0
DA:164,0
DA:165,0
DA:166,0
DA:167,0
DA:168,0
DA:169,0
DA:170,0
DA:171,0
DA:172,0
DA:173,0
DA:174,0
DA:190,1
DA:204,1
DA:206,1
DA:207,1
DA:208,2
DA:210,2
DA:212,1
DA:215,1
DA:217,2
DA:218,4
DA:221,2
DA:222,1
DA:223,3
DA:225,4
DA:228,2
DA:229,0
DA:230,0
DA:232,0
DA:235,1
DA:249,0
DA:258,0
DA:260,0
DA:261,0
DA:262,0
DA:263,0
DA:264,0
DA:265,0
DA:266,0
DA:267,0
DA:268,0
DA:274,0
DA:275,0
DA:276,0
DA:277,0
DA:278,0
DA:280,0
DA:292,1
DA:297,1
DA:299,2
DA:305,1
DA:306,3
DA:307,1
DA:310,3
DA:311,3
DA:312,3
DA:313,3
LF:99
LH:62
end_of_record
SF:lib/features/main/presentation/widgets/app_menu_bar.dart
DA:31,2
DA:59,2
DA:61,2
DA:62,2
DA:64,2
DA:65,2
DA:66,2
DA:67,2
DA:71,2
DA:72,2
DA:80,2
DA:81,2
DA:89,2
DA:90,2
DA:94,2
DA:95,2
DA:103,2
DA:104,2
DA:107,2
DA:108,2
DA:115,2
DA:116,2
DA:124,2
DA:125,2
DA:134,2
DA:135,2
DA:136,2
DA:137,2
DA:141,2
DA:142,2
DA:150,2
DA:151,2
DA:155,2
DA:156,2
DA:160,2
DA:161,2
DA:169,2
DA:170,2
DA:178,2
DA:179,2
DA:183,2
DA:184,2
DA:193,2
DA:194,2
DA:195,2
DA:196,2
DA:200,2
DA:201,2
DA:209,2
DA:210,2
DA:214,2
DA:215,2
DA:219,2
DA:220,2
DA:228,2
DA:229,2
DA:238,2
DA:239,2
DA:240,2
DA:241,2
DA:256,45
DA:258,2
DA:260,4
LF:63
LH:63
end_of_record
SF:lib/features/main/presentation/widgets/app_toolbar.dart
DA:20,2
DA:38,2
DA:40,2
DA:43,2
DA:44,6
DA:45,2
DA:46,2
DA:47,4
DA:52,2
DA:53,2
DA:55,4
DA:56,2
DA:60,2
DA:62,2
DA:66,2
DA:70,2
DA:73,4
DA:74,2
DA:78,2
DA:79,2
DA:81,2
DA:85,2
DA:87,2
DA:91,2
DA:95,2
DA:98,4
DA:99,2
DA:101,2
DA:103,2
DA:104,2
DA:106,2
DA:108,2
DA:110,2
DA:111,2
DA:115,2
DA:118,2
DA:122,2
DA:128,4
DA:129,2
DA:130,2
DA:134,2
DA:143,2
DA:144,2
DA:151,2
DA:159,2
DA:161,2
DA:162,2
DA:165,2
DA:167,6
DA:170,3
DA:172,6
DA:180,2
DA:181,2
DA:183,2
DA:185,2
DA:186,2
DA:187,4
DA:188,2
DA:189,4
DA:191,2
DA:192,1
DA:193,1
DA:195,1
DA:196,3
DA:206,2
DA:207,2
DA:211,4
DA:224,2
DA:233,2
DA:235,2
DA:237,2
DA:239,2
DA:241,2
DA:242,2
DA:244,2
DA:247,2
DA:249,2
DA:250,2
DA:251,4
DA:252,4
DA:253,2
DA:255,2
DA:256,1
DA:257,1
DA:259,1
DA:260,3
DA:266,2
DA:268,2
DA:275,2
LF:89
LH:89
end_of_record
SF:lib/features/main/presentation/services/keyboard_shortcuts_service.dart
DA:6,6
DA:7,4
DA:8,2
DA:13,2
DA:14,4
DA:18,1
DA:19,2
DA:23,2
DA:24,4
DA:28,3
DA:31,0
DA:32,0
DA:33,0
DA:35,0
DA:36,0
DA:37,0
DA:46,0
DA:47,0
DA:48,0
DA:52,2
DA:76,2
DA:77,2
DA:83,1
DA:84,1
DA:94,0
DA:95,0
DA:101,2
DA:102,2
DA:108,0
DA:109,0
DA:120,1
DA:121,1
DA:127,1
DA:128,1
DA:134,0
DA:135,0
DA:141,0
DA:142,0
DA:148,0
DA:149,0
DA:155,0
DA:156,0
DA:162,0
DA:163,0
DA:169,0
DA:170,0
DA:177,1
DA:178,1
DA:188,1
DA:189,1
DA:195,0
DA:196,0
DA:202,0
DA:203,0
DA:209,0
DA:210,0
DA:216,0
DA:217,0
DA:224,1
DA:225,1
DA:232,1
DA:233,2
DA:234,1
DA:237,1
DA:238,1
DA:240,1
DA:241,1
DA:243,1
DA:244,0
DA:246,1
DA:247,0
DA:251,2
DA:252,1
DA:253,1
DA:254,1
DA:255,1
DA:258,2
DA:259,2
DA:262,1
DA:266,1
DA:267,1
DA:268,1
DA:269,1
DA:270,1
DA:271,1
DA:272,1
DA:273,1
DA:274,1
DA:275,1
DA:276,1
DA:277,1
DA:278,1
DA:279,1
DA:280,1
DA:281,1
DA:282,1
DA:283,1
DA:284,1
DA:285,1
DA:286,1
DA:287,1
DA:288,1
DA:289,1
DA:290,1
DA:291,1
DA:292,1
DA:294,1
DA:295,1
DA:296,1
DA:297,1
DA:298,1
DA:299,1
DA:300,1
DA:301,1
DA:302,1
DA:303,1
DA:305,1
DA:306,1
DA:307,1
DA:308,1
DA:309,1
DA:310,1
DA:311,1
DA:312,1
DA:313,1
DA:314,1
DA:315,1
DA:316,0
DA:318,0
DA:319,0
DA:320,0
DA:321,0
DA:322,0
DA:323,0
DA:324,0
DA:325,0
DA:326,0
DA:327,0
DA:328,0
DA:330,0
DA:331,0
DA:332,0
DA:333,0
DA:334,0
DA:335,0
DA:336,0
DA:337,0
DA:338,0
DA:339,0
DA:340,0
DA:342,0
DA:343,0
DA:344,0
DA:345,0
DA:347,0
DA:356,2
DA:362,2
DA:363,2
DA:369,2
DA:371,2
DA:372,4
DA:375,4
DA:376,4
DA:377,4
DA:382,2
DA:384,4
DA:385,2
DA:388,2
DA:390,2
DA:392,0
DA:393,0
DA:398,4
LF:172
LH:107
end_of_record
SF:lib/features/settings/presentation/bloc/settings_event.dart
DA:6,133
DA:8,0
DA:9,0
DA:14,89
DA:21,1
DA:23,0
DA:24,0
DA:30,1
DA:32,0
DA:33,0
DA:37,45
DA:44,1
DA:46,0
DA:47,0
DA:54,0
DA:56,0
DA:57,0
DA:63,0
DA:65,0
DA:66,0
DA:72,0
DA:74,0
DA:75,0
DA:81,0
DA:83,0
DA:84,0
DA:90,0
DA:92,0
DA:93,0
DA:100,0
DA:102,0
DA:103,0
DA:109,0
DA:111,0
DA:112,0
DA:118,0
DA:120,0
DA:121,0
DA:127,0
DA:129,0
DA:130,0
DA:137,0
DA:139,0
DA:140,0
DA:146,0
DA:148,0
DA:149,0
DA:155,0
DA:157,0
DA:158,0
DA:163,44
DA:167,44
DA:171,44
DA:175,44
LF:54
LH:10
end_of_record
SF:lib/features/settings/presentation/bloc/settings_state.dart
DA:7,46
DA:9,1
DA:10,1
DA:15,45
DA:20,45
DA:49,2
DA:66,1
DA:83,1
DA:84,1
DA:85,1
DA:86,1
DA:87,1
DA:88,1
DA:89,1
DA:90,1
DA:91,1
DA:92,1
DA:93,1
DA:94,1
DA:95,1
DA:96,1
DA:97,1
DA:101,1
DA:102,1
DA:103,1
DA:104,1
DA:105,1
DA:106,1
DA:107,1
DA:108,1
DA:109,1
DA:110,1
DA:111,1
DA:112,1
DA:113,1
DA:114,1
DA:115,1
DA:116,1
DA:124,1
DA:126,1
DA:127,2
DA:134,1
DA:136,1
DA:137,3
DA:144,1
DA:146,1
DA:147,3
DA:154,0
DA:156,0
DA:157,0
DA:163,0
DA:165,0
DA:166,0
DA:173,0
DA:175,0
DA:176,0
DA:182,0
DA:184,0
DA:185,0
DA:193,2
DA:195,1
DA:196,3
LF:62
LH:50
end_of_record
SF:lib/features/settings/presentation/widgets/s3_config_widget.dart
DA:14,0
DA:20,0
DA:21,0
DA:37,0
DA:39,0
DA:40,0
DA:43,0
DA:45,0
DA:46,0
DA:47,0
DA:48,0
DA:49,0
DA:50,0
DA:51,0
DA:54,0
DA:55,0
DA:57,0
DA:58,0
DA:59,0
DA:60,0
DA:61,0
DA:62,0
DA:63,0
DA:66,0
DA:67,0
DA:68,0
DA:69,0
DA:71,0
DA:76,0
DA:77,0
DA:78,0
DA:79,0
DA:80,0
DA:81,0
DA:82,0
DA:83,0
DA:84,0
DA:88,0
DA:91,0
DA:92,0
DA:95,0
DA:96,0
DA:97,0
DA:98,0
DA:99,0
DA:101,0
DA:102,0
DA:103,0
DA:104,0
DA:105,0
DA:107,0
DA:114,0
DA:115,0
DA:117,0
DA:118,0
DA:121,0
DA:122,0
DA:124,0
DA:125,0
DA:126,0
DA:129,0
DA:130,0
DA:131,0
DA:132,0
DA:135,0
DA:136,0
DA:137,0
DA:140,0
DA:141,0
DA:142,0
DA:143,0
DA:144,0
DA:145,0
DA:146,0
DA:147,0
DA:148,0
DA:149,0
DA:150,0
DA:151,0
DA:152,0
DA:162,0
DA:164,0
DA:165,0
DA:166,0
DA:167,0
DA:168,0
DA:169,0
DA:174,0
DA:175,0
DA:176,0
DA:177,0
DA:184,0
DA:185,0
DA:187,0
DA:188,0
DA:189,0
DA:191,0
DA:192,0
DA:193,0
DA:196,0
DA:198,0
DA:207,0
DA:208,0
DA:219,0
DA:224,0
DA:225,0
DA:232,0
DA:233,0
DA:236,0
DA:245,0
DA:246,0
DA:247,0
DA:249,0
DA:250,0
DA:256,0
DA:257,0
DA:265,0
DA:266,0
DA:267,0
DA:274,0
DA:275,0
DA:276,0
DA:277,0
DA:290,0
DA:291,0
DA:296,0
DA:297,0
DA:306,0
DA:307,0
DA:308,0
DA:311,0
DA:312,0
DA:313,0
DA:314,0
DA:315,0
DA:320,0
DA:321,0
DA:322,0
DA:331,0
DA:332,0
DA:338,0
DA:339,0
DA:343,0
DA:352,0
DA:355,0
DA:356,0
DA:357,0
DA:358,0
DA:365,0
DA:366,0
DA:367,0
DA:369,0
DA:372,0
DA:373,0
DA:374,0
DA:382,0
DA:384,0
DA:385,0
DA:389,0
DA:390,0
DA:402,0
DA:404,0
DA:405,0
DA:406,0
DA:408,0
DA:410,0
DA:411,0
DA:412,0
DA:413,0
DA:416,0
DA:419,0
DA:421,0
DA:428,0
DA:433,0
LF:174
LH:0
end_of_record
SF:lib/features/notes/presentation/bloc/notes_state.dart
DA:7,49
DA:9,1
DA:10,1
DA:15,47
DA:20,46
DA:36,4
DA:49,1
DA:50,1
DA:51,1
DA:52,1
DA:53,1
DA:54,1
DA:55,1
DA:56,1
DA:57,1
DA:58,1
DA:59,1
DA:60,1
DA:64,1
DA:76,1
DA:77,1
DA:78,1
DA:79,1
DA:80,1
DA:81,1
DA:82,1
DA:83,1
DA:84,1
DA:85,1
DA:86,1
DA:91,0
DA:92,0
DA:99,0
DA:102,0
DA:105,0
DA:114,1
DA:120,0
DA:121,0
DA:130,46
DA:136,1
DA:137,4
DA:147,1
DA:154,0
DA:155,0
DA:166,1
DA:174,1
DA:175,6
DA:183,2
DA:188,1
DA:189,3
DA:201,3
DA:210,0
DA:211,0
DA:212,0
DA:213,0
DA:214,0
DA:215,0
DA:216,0
DA:217,0
DA:227,0
DA:233,0
DA:234,0
DA:243,0
DA:249,0
DA:250,0
DA:259,0
DA:265,0
DA:266,0
DA:275,0
DA:281,0
DA:282,0
DA:293,0
DA:301,0
DA:302,0
DA:304,0
DA:315,0
DA:323,0
DA:324,0
DA:326,0
DA:327,0
LF:80
LH:42
end_of_record
SF:lib/shared/utils/filename_generator.dart
DA:7,2
DA:8,2
DA:9,1
DA:14,2
DA:15,2
DA:16,4
DA:17,4
DA:18,4
DA:19,4
DA:21,2
DA:26,4
DA:27,1
DA:30,2
DA:34,1
DA:35,1
DA:36,1
DA:38,1
DA:39,1
DA:42,1
DA:46,1
DA:47,1
DA:51,1
DA:52,1
DA:56,1
DA:57,1
DA:61,1
DA:62,2
DA:64,1
DA:65,2
DA:67,1
DA:73,1
DA:74,1
DA:75,1
DA:81,1
DA:82,1
DA:83,1
DA:87,1
DA:88,1
DA:89,2
DA:91,1
DA:92,2
DA:95,1
DA:96,1
DA:98,1
DA:102,1
DA:103,1
DA:104,2
DA:106,1
DA:107,2
DA:110,1
DA:112,1
DA:116,1
DA:117,1
DA:118,1
DA:122,1
DA:123,1
DA:124,1
DA:128,1
DA:129,1
DA:130,1
DA:131,1
DA:135,1
DA:136,1
DA:137,3
DA:138,1
DA:142,1
DA:143,3
DA:148,1
DA:149,1
DA:154,1
DA:160,1
DA:161,2
DA:164,2
DA:172,1
DA:173,1
DA:179,2
DA:180,1
DA:183,1
DA:189,1
DA:190,2
DA:192,1
DA:193,2
DA:196,2
DA:197,1
DA:201,2
DA:202,2
DA:203,1
DA:204,1
DA:208,2
DA:209,2
DA:216,1
DA:218,1
DA:219,1
DA:220,2
DA:221,2
DA:222,2
DA:223,2
DA:227,1
DA:228,2
DA:229,2
DA:230,3
LF:101
LH:101
end_of_record
SF:lib/shared/utils/path_utils.dart
DA:6,2
DA:7,2
DA:11,0
DA:12,0
DA:16,1
DA:17,1
DA:21,1
DA:22,1
DA:26,1
DA:27,1
DA:31,1
DA:32,1
DA:36,1
DA:37,1
DA:41,1
DA:42,1
DA:46,0
DA:47,0
DA:51,0
DA:52,0
DA:56,1
DA:57,1
DA:61,1
DA:62,3
DA:63,2
DA:64,4
DA:65,1
DA:69,1
DA:70,1
DA:71,1
DA:73,1
DA:75,1
DA:79,1
DA:80,1
DA:84,1
DA:85,1
DA:86,2
DA:88,4
DA:89,4
DA:91,6
DA:92,1
DA:94,2
DA:95,2
DA:96,4
DA:97,1
DA:103,2
DA:107,1
DA:108,1
DA:112,1
DA:113,1
DA:117,1
DA:118,1
DA:122,1
DA:123,1
DA:124,1
DA:130,1
DA:131,1
DA:132,1
DA:133,1
DA:139,1
DA:140,3
DA:144,1
DA:145,1
DA:146,1
DA:147,3
DA:151,1
DA:152,2
DA:156,0
DA:157,0
DA:161,0
DA:162,0
DA:166,1
DA:168,1
DA:169,1
DA:173,1
DA:175,2
DA:179,1
DA:180,1
DA:181,1
DA:183,3
DA:184,1
DA:185,1
DA:186,1
DA:194,1
DA:196,3
DA:197,1
DA:198,1
DA:202,1
DA:203,1
DA:204,1
DA:205,1
DA:209,1
DA:210,2
DA:211,2
DA:215,1
DA:216,1
DA:220,1
DA:221,1
LF:98
LH:88
end_of_record
SF:lib/shared/utils/file_utils.dart
DA:7,0
DA:8,0
DA:13,0
DA:14,0
DA:19,0
DA:25,0
DA:26,0
DA:34,0
DA:36,0
DA:39,0
DA:42,0
DA:47,0
DA:48,0
DA:49,0
DA:50,0
DA:51,0
DA:58,0
DA:59,0
DA:63,0
DA:64,0
DA:70,0
DA:71,0
DA:72,0
DA:78,0
DA:79,0
DA:83,0
DA:84,0
DA:88,0
DA:89,0
DA:93,0
DA:94,0
DA:98,0
DA:99,0
DA:100,0
DA:104,0
DA:106,0
DA:107,0
DA:114,0
DA:115,0
DA:116,0
DA:120,0
DA:121,0
DA:125,0
DA:126,0
DA:130,0
DA:131,0
LF:46
LH:0
end_of_record
SF:lib/features/notes/presentation/widgets/auto_save_mixin.dart
DA:12,0
DA:13,0
DA:15,3
DA:16,3
DA:17,3
DA:21,3
DA:22,6
DA:25,3
DA:26,6
DA:27,3
DA:28,3
DA:32,1
DA:33,2
DA:34,2
DA:35,1
DA:39,6
DA:41,3
DA:42,11
DA:43,6
DA:44,4
DA:45,4
DA:46,4
DA:47,2
DA:53,3
DA:54,6
DA:55,3
DA:56,3
DA:60,1
DA:61,3
DA:62,2
DA:63,2
DA:64,2
DA:65,1
LF:33
LH:31
end_of_record
SF:lib/features/notes/presentation/widgets/markdown_editor.dart
DA:21,4
DA:35,2
DA:36,2
DA:46,2
DA:48,2
DA:49,4
DA:50,4
DA:52,6
DA:53,6
DA:56,2
DA:59,2
DA:61,2
DA:62,2
DA:63,4
DA:64,4
DA:65,4
DA:67,6
DA:71,2
DA:73,2
DA:74,4
DA:75,4
DA:76,4
DA:77,2
DA:80,2
DA:81,4
DA:84,4
DA:85,6
DA:86,2
DA:90,1
DA:91,2
DA:93,1
DA:95,3
DA:98,2
DA:99,4
DA:101,2
DA:102,4
DA:104,0
DA:105,0
DA:107,0
DA:108,0
DA:109,0
DA:111,0
DA:112,0
DA:113,0
DA:114,0
DA:118,0
DA:119,0
DA:123,0
DA:124,0
DA:126,0
DA:127,0
DA:128,0
DA:130,0
DA:131,0
DA:132,0
DA:133,0
DA:137,0
DA:138,0
DA:142,2
DA:143,4
DA:144,4
DA:148,2
DA:150,2
DA:152,2
DA:153,2
DA:155,6
DA:156,2
DA:157,2
DA:158,2
DA:159,2
DA:160,2
DA:164,2
DA:167,2
DA:168,6
DA:169,2
DA:170,2
DA:171,2
DA:172,2
DA:178,2
DA:179,2
DA:181,2
DA:182,4
DA:183,2
DA:184,2
DA:185,2
DA:190,2
DA:191,2
DA:192,6
DA:193,2
DA:194,2
DA:195,4
DA:196,2
DA:201,2
DA:203,4
DA:205,2
DA:206,4
DA:207,2
DA:210,4
DA:213,2
DA:215,6
DA:216,4
DA:221,2
DA:222,8
DA:223,6
DA:224,6
DA:232,0
DA:233,0
DA:234,0
DA:236,0
DA:237,0
DA:238,0
DA:240,0
DA:241,0
DA:242,0
DA:248,0
DA:253,2
DA:254,2
DA:255,2
DA:257,2
DA:258,2
DA:262,2
DA:264,2
DA:268,2
DA:269,2
DA:275,2
DA:276,2
DA:279,2
DA:280,2
DA:283,2
DA:284,2
DA:288,2
DA:289,4
DA:290,2
DA:291,2
DA:292,2
DA:295,10
DA:309,2
DA:310,4
DA:312,2
DA:313,4
DA:314,2
DA:315,2
DA:316,2
DA:318,2
DA:319,4
DA:320,2
DA:321,2
DA:322,4
DA:325,4
DA:326,4
DA:327,4
DA:328,4
DA:329,4
DA:330,4
DA:331,4
DA:332,4
DA:333,6
DA:335,4
DA:337,2
DA:338,4
DA:339,2
LF:161
LH:129
end_of_record
SF:lib/features/notes/presentation/widgets/image_insertion_dialog.dart
DA:7,0
DA:12,0
DA:13,0
DA:22,0
DA:24,0
DA:25,0
DA:26,0
DA:29,0
DA:31,0
DA:33,0
DA:35,0
DA:38,0
DA:40,0
DA:41,0
DA:42,0
DA:43,0
DA:46,0
DA:47,0
DA:48,0
DA:49,0
DA:50,0
DA:56,0
DA:57,0
DA:60,0
DA:61,0
DA:62,0
DA:63,0
DA:64,0
DA:76,0
DA:77,0
DA:88,0
DA:89,0
DA:90,0
DA:97,0
DA:98,0
DA:99,0
DA:100,0
DA:101,0
DA:102,0
DA:103,0
DA:108,0
DA:109,0
DA:117,0
DA:120,0
DA:126,0
DA:129,0
DA:130,0
DA:131,0
DA:133,0
DA:134,0
DA:142,0
DA:143,0
DA:144,0
DA:147,0
DA:148,0
DA:155,0
DA:157,0
DA:162,0
DA:163,0
DA:164,0
DA:168,0
DA:169,0
DA:170,0
DA:171,0
DA:172,0
DA:179,0
DA:180,0
DA:181,0
DA:182,0
DA:185,0
DA:186,0
DA:187,0
DA:188,0
DA:191,0
DA:192,0
DA:193,0
DA:194,0
DA:197,0
DA:198,0
DA:199,0
DA:200,0
DA:205,0
DA:209,0
DA:211,0
LF:84
LH:0
end_of_record
SF:lib/features/notes/presentation/widgets/markdown_syntax_highlighter.dart
DA:21,3
DA:24,3
DA:25,3
DA:27,3
DA:28,6
DA:30,3
DA:31,3
DA:32,6
DA:35,3
DA:38,3
DA:41,3
DA:43,6
DA:44,6
DA:46,3
DA:48,6
DA:49,6
DA:51,3
DA:52,6
DA:55,3
DA:56,6
DA:58,3
DA:59,6
DA:62,3
DA:63,9
DA:66,3
DA:67,6
DA:69,3
DA:71,9
DA:76,3
DA:82,3
DA:83,2
DA:85,6
DA:86,6
DA:89,3
DA:90,9
DA:93,6
DA:95,6
DA:96,6
DA:97,9
DA:103,3
DA:104,3
DA:106,6
DA:111,3
DA:115,9
DA:116,6
DA:117,6
DA:123,3
DA:124,0
DA:127,3
DA:130,3
DA:131,3
DA:134,3
DA:135,6
DA:138,3
DA:139,6
DA:142,3
DA:143,6
DA:146,1
DA:147,2
DA:150,1
DA:151,0
DA:154,1
DA:155,2
DA:158,1
DA:159,2
DA:162,1
DA:163,2
DA:166,1
DA:167,2
DA:170,1
DA:171,2
DA:174,1
DA:175,0
DA:178,1
DA:179,2
DA:185,1
DA:186,2
DA:187,3
LF:78
LH:75
end_of_record
SF:lib/features/notes/presentation/widgets/markdown_toolbar.dart
DA:10,3
DA:18,3
DA:20,3
DA:22,3
DA:24,3
DA:25,6
DA:26,3
DA:27,3
DA:28,3
DA:33,3
DA:35,3
DA:36,3
DA:37,3
DA:41,5
DA:43,3
DA:47,5
DA:49,3
DA:53,5
DA:56,3
DA:60,5
DA:62,3
DA:66,3
DA:69,3
DA:73,5
DA:75,3
DA:79,5
DA:81,3
DA:85,5
DA:88,3
DA:92,5
DA:94,3
DA:98,6
DA:101,3
DA:105,6
DA:107,3
DA:111,6
DA:114,3
DA:118,5
DA:120,3
DA:124,6
DA:132,3
DA:138,3
DA:140,3
DA:141,3
DA:150,1
DA:151,2
DA:152,2
DA:154,4
DA:156,1
DA:157,1
DA:159,3
DA:160,1
DA:161,1
DA:166,7
DA:167,3
DA:170,2
DA:171,1
DA:173,3
DA:176,3
DA:177,2
DA:182,1
DA:183,2
DA:184,2
DA:185,2
DA:189,1
DA:190,0
DA:194,3
DA:197,3
DA:198,2
DA:202,1
DA:203,2
DA:204,2
DA:205,2
DA:209,3
DA:212,3
DA:213,1
DA:217,1
DA:218,2
DA:219,2
DA:221,4
DA:222,1
DA:223,2
DA:225,3
DA:226,1
DA:227,1
DA:232,4
DA:233,1
DA:234,3
DA:240,2
DA:242,3
DA:245,3
DA:246,1
DA:247,1
DA:251,2
DA:254,1
DA:255,2
DA:256,2
DA:257,3
DA:261,3
DA:264,3
DA:265,1
DA:266,1
DA:269,2
DA:272,1
DA:273,2
DA:274,2
DA:275,2
DA:284,3
DA:287,3
DA:288,1
DA:289,1
LF:111
LH:110
end_of_record
SF:lib/shared/widgets/custom_input.dart
DA:25,1
DA:47,1
DA:49,1
DA:50,1
DA:51,1
DA:52,1
DA:53,1
DA:54,1
DA:55,1
DA:56,1
DA:57,1
DA:58,1
DA:59,1
DA:60,1
DA:61,1
DA:62,1
DA:63,1
DA:64,1
DA:65,1
DA:66,1
DA:67,1
DA:68,1
DA:69,1
DA:70,1
DA:85,3
DA:94,3
DA:95,3
DA:103,3
DA:105,3
DA:106,10
DA:107,10
DA:108,12
DA:110,8
DA:111,6
DA:112,4
DA:113,4
DA:114,2
DA:120,3
DA:122,6
DA:123,2
DA:125,6
DA:126,2
DA:128,3
DA:131,1
DA:132,2
DA:133,3
DA:134,3
DA:137,3
DA:139,3
DA:140,3
DA:141,3
DA:142,6
DA:143,3
DA:144,6
DA:146,3
DA:147,2
DA:149,2
DA:152,3
DA:153,3
DA:174,1
DA:185,1
DA:187,1
DA:188,1
DA:189,1
DA:190,2
DA:191,1
DA:192,1
DA:193,1
DA:194,1
DA:195,1
DA:196,1
DA:216,1
DA:230,1
DA:232,1
DA:233,1
DA:234,1
DA:235,1
DA:236,1
DA:237,1
DA:238,1
DA:239,1
DA:240,1
DA:242,1
DA:243,1
DA:244,1
DA:246,1
DA:247,1
LF:87
LH:87
end_of_record
SF:lib/shared/widgets/custom_button.dart
DA:12,2
DA:22,2
DA:24,2
DA:25,4
DA:26,2
DA:27,2
DA:32,2
DA:38,2
DA:40,2
DA:41,4
DA:42,4
DA:45,4
DA:50,3
DA:63,1
DA:73,1
DA:75,1
DA:76,2
DA:77,1
DA:78,1
DA:83,1
DA:89,1
DA:91,1
DA:92,1
DA:93,0
DA:96,2
DA:101,1
DA:112,2
DA:120,2
DA:122,2
DA:123,2
DA:124,2
DA:125,2
DA:127,2
DA:129,2
DA:130,4
DA:131,4
DA:134,4
DA:149,3
DA:158,3
DA:160,3
DA:161,3
DA:162,12
DA:163,3
DA:175,1
DA:183,1
DA:185,1
DA:186,1
DA:187,1
DA:188,1
DA:189,2
LF:50
LH:49
end_of_record
SF:lib/shared/widgets/progress_indicator.dart
DA:13,1
DA:24,1
DA:26,1
DA:29,1
DA:30,4
DA:31,1
DA:33,1
DA:34,1
DA:35,1
DA:36,1
DA:37,3
DA:39,2
DA:40,1
DA:41,4
DA:42,3
DA:48,1
DA:49,3
DA:50,1
DA:51,1
DA:52,1
DA:53,1
DA:54,1
DA:55,3
DA:56,1
DA:57,4
DA:62,2
DA:64,1
DA:65,1
DA:66,4
DA:67,5
DA:86,45
DA:97,2
DA:99,2
DA:101,2
DA:102,2
DA:103,2
DA:104,2
DA:105,2
DA:107,2
DA:108,2
DA:109,2
DA:110,2
DA:111,2
DA:112,6
DA:113,2
DA:114,8
DA:117,4
DA:118,1
DA:119,4
DA:120,4
DA:127,4
DA:129,2
DA:130,2
DA:131,6
DA:151,1
DA:163,1
DA:165,1
DA:166,3
DA:167,3
DA:168,3
DA:170,1
DA:171,1
DA:172,1
DA:173,3
DA:174,2
DA:175,2
DA:176,3
DA:182,2
DA:185,2
DA:188,2
DA:191,1
DA:192,1
DA:193,1
DA:194,1
DA:195,2
DA:196,2
DA:197,1
DA:201,1
DA:203,1
DA:205,1
DA:208,1
DA:209,2
DA:210,1
DA:213,2
DA:219,1
DA:220,1
DA:221,1
DA:230,2
DA:232,1
DA:233,3
DA:234,2
DA:235,2
DA:237,1
DA:238,1
DA:239,2
DA:241,3
DA:246,2
DA:247,4
DA:269,1
DA:280,1
DA:282,1
DA:283,1
DA:285,1
DA:287,1
DA:288,1
DA:289,1
DA:290,1
DA:291,1
DA:293,1
DA:296,1
DA:298,1
DA:303,1
DA:304,1
DA:305,1
DA:306,4
DA:312,3
DA:313,1
DA:314,1
DA:321,2
DA:322,1
DA:323,2
DA:327,2
DA:329,1
DA:330,1
DA:331,4
DA:332,5
DA:336,1
DA:337,1
DA:338,1
DA:339,4
LF:130
LH:130
end_of_record
SF:lib/features/sync/domain/entities/batch_operation_result.dart
DA:12,3
DA:23,3
DA:28,3
DA:34,3
DA:40,1
DA:46,1
DA:49,1
DA:50,1
DA:58,2
DA:63,2
DA:67,2
DA:68,2
DA:75,1
DA:76,2
DA:77,4
DA:81,8
DA:84,4
DA:87,10
DA:89,0
DA:90,0
DA:91,0
DA:92,0
DA:93,0
DA:94,0
DA:95,0
DA:96,0
DA:97,0
DA:100,1
DA:102,2
DA:103,2
DA:104,2
DA:117,2
DA:127,2
DA:128,4
DA:129,6
DA:133,4
DA:136,4
DA:139,1
DA:140,5
DA:142,4
DA:143,3
DA:145,1
DA:148,0
DA:149,0
DA:150,0
DA:151,0
DA:152,0
DA:153,0
DA:154,0
DA:155,0
DA:158,1
DA:160,3
DA:161,2
LF:53
LH:36
end_of_record
SF:lib/features/sync/domain/entities/cancellation_token.dart
DA:10,2
DA:13,1
DA:14,1
DA:18,2
DA:21,2
DA:24,3
DA:27,2
DA:28,2
DA:29,2
DA:34,2
DA:35,2
DA:36,4
DA:40,2
DA:41,2
DA:42,2
DA:43,4
DA:44,4
DA:53,3
DA:55,1
DA:56,2
DA:64,2
DA:67,1
DA:68,2
DA:72,1
DA:73,1
DA:74,2
DA:75,1
DA:81,1
DA:82,1
DA:84,2
DA:85,1
DA:86,2
DA:89,3
DA:90,1
DA:91,2
LF:35
LH:35
end_of_record
SF:lib/features/sync/domain/entities/sync_operation.dart
DA:12,3
DA:13,3
DA:14,9
DA:15,1
DA:31,3
DA:32,3
DA:33,9
DA:34,1
DA:53,5
DA:67,4
DA:80,4
DA:81,4
DA:82,4
DA:83,4
DA:84,1
DA:85,4
DA:86,4
DA:87,3
DA:88,3
DA:89,4
DA:90,3
DA:91,4
DA:96,12
DA:99,9
DA:100,2
DA:101,3
DA:104,6
DA:105,5
DA:107,1
DA:108,1
DA:109,1
DA:110,1
DA:111,1
DA:112,1
DA:113,1
DA:114,1
DA:115,1
DA:116,1
DA:117,1
DA:118,1
DA:119,1
DA:122,1
DA:124,4
DA:125,3
LF:44
LH:44
end_of_record
SF:lib/features/tags/domain/entities/tag.dart
DA:26,3
DA:37,0
DA:46,0
DA:47,0
DA:48,0
DA:49,0
DA:50,0
DA:51,0
DA:52,0
DA:53,0
DA:58,0
DA:61,0
DA:63,0
DA:64,0
DA:65,0
DA:66,0
DA:67,0
DA:68,0
DA:69,0
DA:70,0
DA:71,0
DA:74,1
DA:76,4
LF:23
LH:3
end_of_record
SF:lib/features/tags/domain/repositories/tag_repository.dart
DA:91,0
DA:101,0
DA:102,0
DA:103,0
LF:4
LH:0
end_of_record
SF:lib/features/tags/domain/usecases/create_tag.dart
DA:8,0
DA:11,0
DA:13,0
DA:14,0
DA:18,0
DA:19,0
DA:22,0
DA:23,0
DA:24,0
DA:25,0
DA:36,1
LF:11
LH:1
end_of_record
SF:lib/features/tags/domain/usecases/delete_tag.dart
DA:7,0
DA:10,0
DA:12,0
DA:14,0
DA:18,0
DA:19,0
DA:23,0
DA:24,0
DA:26,0
DA:36,1
LF:10
LH:1
end_of_record
SF:lib/features/tags/domain/usecases/get_all_tags.dart
DA:8,0
DA:11,0
DA:12,0
LF:3
LH:0
end_of_record
SF:lib/features/tags/domain/usecases/get_tag_suggestions.dart
DA:7,0
DA:10,0
DA:11,0
DA:13,0
DA:14,0
DA:16,0
DA:19,0
DA:20,0
DA:21,0
DA:31,1
LF:10
LH:1
end_of_record
SF:lib/features/tags/domain/usecases/search_tags.dart
DA:8,0
DA:11,0
DA:12,0
DA:13,0
DA:16,0
DA:17,0
DA:18,0
DA:28,1
LF:8
LH:1
end_of_record
SF:lib/features/tags/presentation/bloc/tags_event.dart
DA:6,47
DA:8,0
DA:9,0
DA:16,45
DA:20,0
DA:21,0
DA:30,2
DA:36,0
DA:37,0
DA:47,0
DA:54,0
DA:55,0
DA:63,1
DA:68,0
DA:69,0
DA:77,0
DA:82,0
DA:83,0
DA:91,2
DA:96,0
DA:97,0
DA:102,44
DA:110,2
DA:115,0
DA:116,0
DA:123,1
DA:127,0
DA:128,0
DA:135,0
DA:139,0
DA:140,0
DA:147,1
DA:151,0
DA:152,0
DA:159,0
DA:163,0
DA:164,0
DA:169,45
DA:174,0
DA:181,0
DA:185,0
DA:186,0
DA:193,0
DA:197,0
DA:198,0
DA:205,1
DA:209,0
DA:210,0
DA:217,0
DA:221,0
DA:222,0
DA:227,1
DA:232,0
DA:237,1
DA:245,1
DA:250,0
DA:251,0
LF:57
LH:14
end_of_record
SF:lib/features/tags/presentation/bloc/tags_state.dart
DA:9,51
DA:11,1
DA:12,1
DA:17,48
DA:22,46
DA:38,4
DA:52,1
DA:66,1
DA:67,1
DA:68,1
DA:69,1
DA:70,1
DA:71,1
DA:72,1
DA:73,1
DA:74,1
DA:75,1
DA:76,1
DA:81,0
DA:82,0
DA:86,0
DA:87,0
DA:91,0
DA:92,0
DA:96,0
DA:97,0
DA:101,0
DA:102,0
DA:106,0
DA:107,0
DA:110,1
DA:111,1
DA:112,1
DA:113,1
DA:114,1
DA:115,1
DA:116,1
DA:117,1
DA:118,1
DA:119,1
DA:120,1
DA:121,1
DA:131,1
DA:137,1
DA:138,4
DA:148,1
DA:155,1
DA:156,5
DA:166,1
DA:173,1
DA:174,5
DA:181,1
DA:185,1
DA:186,2
DA:195,1
DA:201,1
DA:202,4
DA:210,2
DA:215,1
DA:216,3
DA:227,0
DA:236,0
DA:237,0
DA:238,0
DA:241,0
DA:242,0
DA:253,0
DA:262,0
DA:265,0
DA:267,0
DA:268,0
DA:275,44
DA:279,1
DA:280,2
DA:288,1
DA:293,1
DA:294,3
DA:302,1
DA:307,1
DA:308,3
DA:316,2
DA:321,1
DA:322,3
LF:83
LH:60
end_of_record
SF:lib/features/tags/presentation/widgets/tag_chip_widget.dart
DA:31,2
DA:42,2
DA:44,2
DA:45,2
DA:49,2
DA:50,3
DA:51,4
DA:52,0
DA:56,2
DA:57,1
DA:58,5
DA:61,2
DA:62,2
DA:63,2
DA:64,2
DA:66,2
DA:67,2
DA:68,2
DA:69,3
DA:70,2
DA:71,2
DA:72,4
DA:76,2
DA:78,2
DA:80,2
DA:83,2
DA:85,2
DA:90,2
DA:91,2
DA:92,2
DA:93,8
DA:94,2
DA:96,2
DA:104,4
DA:106,1
DA:107,1
DA:108,1
DA:111,1
DA:113,2
DA:140,1
DA:148,1
DA:150,1
DA:151,1
DA:152,1
DA:153,1
DA:155,0
DA:177,1
DA:186,1
DA:188,1
DA:189,1
DA:193,1
DA:194,3
DA:195,4
DA:196,0
DA:200,1
DA:201,1
DA:202,5
DA:205,1
DA:206,1
DA:207,1
DA:209,1
DA:210,1
DA:211,2
DA:212,4
DA:213,1
DA:214,1
DA:215,2
DA:219,1
DA:221,1
DA:223,1
DA:226,1
DA:228,2
DA:233,1
DA:234,1
DA:235,4
DA:236,1
DA:238,2
DA:246,1
DA:248,1
DA:249,1
DA:250,1
DA:251,3
DA:252,1
DA:254,1
DA:255,2
DA:256,4
DA:257,1
DA:259,2
LF:88
LH:85
end_of_record
SF:lib/shared/utils/date_utils.dart
DA:4,0
DA:5,3
DA:6,0
DA:7,6
DA:10,0
DA:11,0
DA:15,1
DA:16,2
DA:20,0
DA:21,0
DA:25,2
DA:26,4
DA:30,2
DA:31,2
DA:33,2
DA:40,2
DA:41,2
DA:45,0
DA:46,0
DA:47,0
DA:49,0
DA:50,0
DA:51,0
DA:52,0
DA:53,0
DA:54,0
DA:55,0
DA:56,0
DA:63,0
DA:64,0
DA:65,0
DA:66,0
DA:70,0
DA:71,0
DA:75,0
DA:76,0
LF:36
LH:11
end_of_record
SF:lib/shared/utils/string_utils.dart
DA:3,0
DA:4,0
DA:8,0
DA:9,0
DA:13,1
DA:14,2
DA:15,0
DA:19,0
DA:20,0
DA:21,0
DA:25,0
DA:26,0
DA:30,0
DA:31,0
DA:35,2
DA:36,2
DA:39,4
DA:40,2
DA:41,2
DA:42,4
DA:47,2
DA:48,1
DA:49,2
DA:50,1
DA:58,0
DA:60,0
DA:61,0
DA:62,0
DA:63,0
DA:64,0
DA:68,0
DA:69,0
DA:70,0
DA:74,0
DA:75,0
DA:79,0
DA:80,0
DA:84,0
DA:85,0
DA:87,0
DA:88,0
DA:89,0
DA:98,0
DA:99,0
DA:101,0
DA:102,0
DA:103,0
DA:112,0
DA:115,0
DA:116,0
DA:117,0
LF:51
LH:12
end_of_record
SF:lib/features/tags/presentation/widgets/tag_input_widget.dart
DA:34,1
DA:45,1
DA:46,1
DA:59,1
DA:61,1
DA:62,3
DA:65,1
DA:67,2
DA:68,2
DA:69,1
DA:70,1
DA:73,1
DA:74,2
DA:75,3
DA:77,1
DA:81,1
DA:82,1
DA:85,1
DA:86,2
DA:88,4
DA:94,0
DA:95,0
DA:97,0
DA:98,0
DA:99,0
DA:100,0
DA:101,0
DA:104,0
DA:106,0
DA:107,0
DA:109,0
DA:116,0
DA:117,0
DA:118,0
DA:122,1
DA:123,1
DA:124,2
DA:125,1
DA:129,1
DA:130,1
DA:131,1
DA:134,0
DA:135,0
DA:136,0
DA:139,0
DA:140,0
DA:141,0
DA:143,0
DA:144,0
DA:145,0
DA:146,0
DA:147,0
DA:148,0
DA:154,0
DA:156,0
DA:157,0
DA:158,0
DA:159,0
DA:161,0
DA:163,0
DA:165,0
DA:172,0
DA:173,0
DA:174,0
DA:175,0
DA:176,0
DA:180,0
DA:181,0
DA:183,0
DA:184,0
DA:185,0
DA:188,1
DA:189,2
DA:191,6
DA:192,3
DA:195,1
DA:196,3
DA:197,1
DA:198,3
DA:199,2
DA:200,2
DA:201,0
DA:206,2
DA:207,0
DA:209,1
DA:213,1
DA:215,4
DA:221,4
DA:222,3
DA:224,2
DA:225,1
DA:226,2
DA:229,0
DA:230,0
DA:231,0
DA:232,0
DA:234,0
DA:236,0
DA:238,0
DA:243,0
DA:244,0
DA:245,0
DA:246,0
DA:252,1
DA:254,1
DA:255,1
DA:256,1
DA:257,2
DA:258,2
DA:259,5
DA:260,1
DA:263,2
DA:264,0
DA:266,1
DA:268,2
DA:269,2
DA:270,2
DA:271,5
DA:272,1
DA:275,2
DA:276,0
DA:278,1
DA:282,1
DA:283,1
DA:284,1
DA:286,1
DA:288,4
DA:289,1
DA:292,4
DA:293,1
DA:295,4
DA:296,2
DA:298,1
DA:304,3
DA:305,1
DA:306,1
DA:307,1
DA:308,1
DA:309,2
DA:310,1
DA:311,2
DA:313,2
DA:314,1
DA:315,1
DA:317,1
DA:318,0
DA:321,0
DA:325,1
DA:326,1
DA:333,8
DA:337,3
DA:339,1
DA:340,6
DA:341,4
DA:342,2
LF:155
LH:94
end_of_record
SF:lib/features/tags/presentation/widgets/tag_color_picker.dart
DA:11,0
DA:17,0
DA:18,0
DA:40,0
DA:42,0
DA:43,0
DA:46,0
DA:47,0
DA:50,0
DA:52,0
DA:53,0
DA:54,0
DA:56,0
DA:59,0
DA:61,0
DA:63,0
DA:64,0
DA:65,0
DA:66,0
DA:67,0
DA:70,0
DA:71,0
DA:72,0
DA:73,0
DA:75,0
DA:76,0
DA:77,0
DA:78,0
DA:79,0
DA:80,0
DA:81,0
DA:82,0
DA:83,0
DA:87,0
DA:89,0
DA:90,0
DA:93,0
DA:94,0
DA:95,0
DA:98,0
DA:99,0
DA:100,0
DA:101,0
DA:102,0
DA:103,0
DA:117,0
DA:119,0
DA:123,0
DA:131,0
DA:132,0
DA:133,0
DA:135,0
DA:138,0
DA:142,0
DA:143,0
DA:144,0
DA:153,0
DA:154,0
DA:155,0
DA:158,0
DA:159,0
DA:166,0
DA:167,0
DA:169,0
DA:170,0
DA:171,0
DA:172,0
DA:175,0
DA:176,0
DA:178,0
DA:179,0
DA:184,0
DA:185,0
DA:186,0
DA:193,0
DA:194,0
DA:195,0
DA:228,0
DA:235,0
DA:236,0
DA:256,0
DA:257,0
DA:260,0
DA:262,0
DA:265,0
DA:267,0
DA:270,0
DA:271,0
DA:277,0
DA:278,0
DA:280,0
DA:281,0
DA:282,0
DA:285,0
DA:287,0
DA:288,0
DA:293,0
DA:294,0
DA:295,0
DA:302,0
DA:303,0
DA:304,0
LF:102
LH:0
end_of_record
SF:lib/features/notes/data/models/note_file_model.dart
DA:11,2
DA:22,0
DA:23,0
DA:26,0
DA:29,1
DA:30,1
DA:31,1
DA:34,2
DA:35,1
DA:38,1
DA:39,1
DA:40,2
DA:41,5
DA:42,0
DA:43,0
DA:48,3
DA:49,1
DA:50,3
DA:54,2
DA:55,2
DA:57,1
DA:69,1
DA:70,1
DA:73,1
DA:74,4
DA:76,2
DA:77,7
DA:80,4
DA:81,4
DA:83,1
DA:84,0
DA:87,1
DA:88,1
DA:91,2
DA:93,1
DA:97,1
DA:98,1
DA:99,1
DA:100,1
DA:101,1
DA:102,1
DA:103,1
DA:104,1
DA:105,1
DA:110,1
DA:111,1
DA:112,1
DA:113,1
DA:114,1
DA:115,1
DA:116,1
DA:117,1
DA:118,1
DA:123,1
DA:124,1
DA:125,4
DA:126,1
DA:129,1
DA:130,1
DA:132,3
DA:133,3
DA:137,2
DA:140,2
DA:141,0
DA:144,1
DA:145,2
DA:146,1
DA:147,2
DA:149,2
DA:150,3
DA:153,2
DA:155,3
DA:156,1
DA:157,4
DA:158,3
DA:159,1
DA:160,1
DA:161,2
DA:163,4
DA:164,2
DA:165,1
DA:166,2
DA:167,0
DA:170,1
DA:178,1
DA:179,1
DA:180,4
DA:184,1
DA:185,3
DA:186,3
DA:192,2
DA:197,2
DA:198,4
DA:199,1
DA:202,1
DA:206,1
DA:207,2
DA:208,2
DA:209,1
DA:212,1
DA:213,1
DA:216,1
DA:220,1
DA:221,2
DA:222,2
DA:223,2
LF:106
LH:98
end_of_record
SF:lib/features/notes/data/models/note_file_model.g.dart
DA:9,0
DA:10,0
DA:11,0
DA:12,0
DA:13,0
DA:14,0
DA:15,0
DA:16,0
DA:17,0
DA:20,0
DA:21,0
DA:22,0
DA:23,0
DA:24,0
DA:25,0
DA:26,0
DA:27,0
DA:28,0
LF:18
LH:0
end_of_record
SF:lib/features/notes/data/services/sticky_note_service_impl.dart
DA:13,1
DA:17,1
DA:20,1
DA:25,1
DA:26,1
DA:27,1
DA:28,2
DA:31,2
DA:32,1
DA:33,1
DA:37,1
DA:38,2
DA:41,1
DA:48,1
DA:53,1
DA:55,1
DA:56,3
DA:58,1
DA:62,3
DA:63,3
DA:65,2
DA:66,1
DA:67,1
DA:77,5
DA:81,1
DA:83,1
DA:84,2
DA:87,1
DA:89,1
DA:90,2
DA:91,4
DA:92,1
DA:95,1
DA:97,1
DA:98,1
DA:100,2
DA:101,3
DA:102,3
DA:103,5
DA:104,1
DA:107,1
DA:109,2
DA:110,1
DA:112,1
DA:113,1
DA:117,1
DA:124,2
DA:125,1
DA:127,1
DA:128,0
DA:129,0
DA:130,0
DA:131,1
DA:134,1
DA:138,1
DA:141,2
DA:142,3
DA:143,2
DA:146,2
DA:151,1
DA:152,14
DA:155,1
DA:157,1
DA:158,20
DA:162,1
DA:163,1
DA:164,1
DA:165,2
DA:167,1
DA:174,1
DA:175,1
DA:176,1
DA:177,1
LF:73
LH:70
end_of_record
SF:lib/features/notes/domain/services/sticky_note_service.dart
DA:61,0
DA:70,0
DA:78,0
DA:79,0
DA:80,0
DA:81,0
DA:82,0
DA:83,0
DA:84,0
LF:9
LH:0
end_of_record
SF:lib/core/error/error_handling_extensions.dart
DA:11,1
DA:19,2
DA:28,1
DA:29,1
DA:34,1
DA:42,2
DA:51,1
DA:52,1
DA:57,1
DA:65,2
DA:74,1
DA:78,1
DA:79,1
DA:81,1
DA:82,1
DA:83,2
DA:85,1
DA:86,2
DA:88,1
DA:89,0
DA:90,2
DA:99,1
DA:107,2
DA:116,1
DA:117,1
DA:122,1
DA:130,2
DA:139,1
DA:140,1
DA:145,0
DA:153,0
DA:162,0
DA:166,1
DA:167,1
DA:169,1
DA:170,1
DA:171,2
DA:173,1
DA:174,0
DA:176,1
DA:177,0
DA:178,2
DA:187,0
DA:188,0
DA:192,0
DA:193,0
[...]
end_of_record
SF:lib/features/sync/data/datasources/sqlite_cache_service.dart
DA:21,4
DA:24,4
DA:25,8
DA:26,4
DA:29,4
DA:31,4
DA:35,4
DA:38,4
DA:40,4
DA:43,0
DA:44,0
DA:47,4
DA:50,4
DA:51,4
DA:54,0
DA:59,4
DA:60,4
DA:70,4
DA:79,4
DA:89,4
DA:97,4
DA:98,4
DA:102,0
DA:108,3
DA:111,3
DA:112,6
DA:114,3
DA:116,3
DA:125,0
DA:129,3
DA:132,3
DA:133,3
DA:135,3
DA:137,3
DA:140,9
DA:142,0
DA:146,1
DA:149,1
DA:150,1
DA:151,1
DA:153,0
DA:157,2
DA:160,2
DA:161,2
DA:163,2
DA:167,8
DA:169,0
DA:173,2
DA:176,2
DA:177,2
DA:180,2
DA:183,0
DA:187,1
DA:190,1
DA:191,1
DA:193,1
DA:195,1
DA:198,1
DA:200,0
DA:204,3
DA:207,3
DA:208,3
DA:210,3
DA:212,3
DA:215,3
DA:216,6
DA:217,3
DA:221,0
DA:227,1
DA:230,1
DA:231,2
DA:233,1
DA:235,1
DA:243,0
DA:247,1
DA:250,1
DA:251,1
DA:253,1
DA:255,1
DA:258,3
DA:260,0
DA:264,1
DA:267,1
DA:268,1
DA:271,1
DA:274,0
DA:280,1
DA:283,1
DA:284,2
DA:285,2
DA:287,1
DA:289,1
DA:299,0
DA:303,1
DA:306,1
DA:307,1
DA:312,3
DA:313,1
DA:314,1
DA:315,1
DA:316,2
DA:317,1
DA:318,1
DA:320,0
DA:324,1
DA:327,1
DA:328,1
DA:330,0
DA:334,1
DA:337,1
DA:338,1
DA:341,1
DA:344,0
DA:348,1
DA:351,1
DA:352,1
DA:354,1
DA:356,1
DA:359,0
DA:365,3
DA:368,3
DA:369,3
DA:371,3
DA:378,0
DA:382,3
DA:385,3
DA:386,3
DA:388,3
DA:390,3
DA:393,9
DA:395,0
DA:399,3
DA:402,3
DA:403,3
DA:406,3
DA:409,0
DA:413,2
DA:416,2
DA:417,2
DA:419,2
DA:421,4
DA:425,8
DA:427,0
DA:431,3
DA:434,3
DA:435,3
DA:438,6
DA:442,3
DA:443,6
DA:444,9
DA:448,0
DA:454,2
DA:457,2
DA:458,2
DA:460,0
DA:464,1
DA:468,1
DA:469,1
DA:471,0
DA:472,0
DA:476,1
DA:480,0
DA:481,0
DA:482,0
DA:486,0
DA:490,4
DA:492,4
DA:493,8
DA:494,4
LF:169
LH:138
end_of_record
SF:lib/features/sync/domain/entities/sync_queue_item.dart
DA:11,1
DA:19,0
DA:26,0
DA:27,0
DA:28,0
DA:29,0
DA:30,0
DA:31,0
DA:35,0
DA:36,0
DA:38,0
DA:40,0
DA:41,0
LF:13
LH:1
end_of_record
SF:lib/features/sync/data/services/sync_service_impl.dart
DA:26,1
DA:34,1
DA:35,2
DA:37,1
DA:38,1
DA:40,1
DA:41,1
DA:43,1
DA:44,1
DA:48,1
DA:50,1
DA:51,0
DA:54,1
DA:55,2
DA:56,0
DA:58,0
DA:61,0
DA:66,2
DA:67,4
DA:70,1
DA:72,2
DA:73,1
DA:74,1
DA:76,2
DA:81,1
DA:83,1
DA:84,1
DA:87,0
DA:90,0
DA:91,0
DA:92,0
DA:96,0
DA:99,0
DA:100,0
DA:102,0
DA:108,0
DA:111,0
DA:112,0
DA:113,0
DA:116,0
DA:117,0
DA:118,0
DA:126,0
DA:127,0
DA:134,0
DA:135,0
DA:139,0
DA:140,0
DA:142,0
DA:147,0
DA:149,0
DA:150,0
DA:153,0
DA:156,0
DA:157,0
DA:158,0
DA:161,0
DA:164,0
DA:165,0
DA:167,0
DA:173,0
DA:174,0
DA:175,0
DA:176,0
DA:183,0
DA:184,0
DA:190,0
DA:191,0
DA:195,0
DA:196,0
DA:198,0
DA:203,0
DA:205,0
DA:206,0
DA:209,0
DA:213,0
DA:214,0
DA:215,0
DA:216,0
DA:223,0
DA:224,0
DA:227,0
DA:228,0
DA:229,0
DA:230,0
DA:232,0
DA:233,0
DA:234,0
DA:237,0
DA:238,0
DA:241,0
DA:242,0
DA:243,0
DA:246,0
DA:249,0
DA:250,0
DA:252,0
DA:259,0
DA:262,0
DA:263,0
DA:267,0
DA:268,0
DA:270,0
DA:273,0
DA:275,0
DA:281,0
DA:283,0
DA:288,1
DA:291,2
DA:293,2
DA:296,2
DA:298,1
DA:300,1
DA:304,1
DA:306,1
DA:311,1
DA:314,2
DA:315,2
DA:317,1
DA:319,1
DA:323,0
DA:325,0
DA:330,1
DA:333,2
DA:334,2
DA:336,1
DA:338,1
DA:342,0
DA:344,0
DA:351,0
DA:353,0
DA:358,0
DA:359,0
DA:361,0
DA:362,0
DA:364,0
DA:366,0
DA:367,0
DA:368,0
DA:370,0
DA:372,0
DA:373,0
DA:374,0
DA:375,0
DA:376,0
DA:377,0
DA:382,0
DA:384,0
DA:388,1
DA:391,2
DA:392,1
DA:394,2
DA:396,2
DA:397,1
DA:398,1
DA:399,2
DA:400,2
DA:401,1
DA:402,1
DA:403,1
DA:404,1
DA:406,1
DA:415,0
DA:419,1
DA:422,2
DA:423,2
DA:424,2
DA:427,0
DA:433,1
DA:436,2
DA:437,2
DA:438,2
DA:440,2
DA:441,2
DA:443,1
DA:444,1
DA:445,1
DA:446,1
DA:447,1
DA:451,0
DA:455,1
DA:458,1
DA:459,4
DA:461,4
DA:462,1
DA:463,0
DA:465,2
DA:468,0
DA:474,0
DA:477,0
DA:478,0
DA:480,0
DA:482,0
DA:483,0
DA:487,0
DA:491,1
DA:494,2
DA:495,1
DA:497,2
DA:498,2
DA:502,2
DA:504,0
DA:505,0
DA:506,0
DA:510,1
DA:516,0
DA:520,0
DA:524,0
DA:525,0
DA:527,0
DA:528,0
DA:532,0
DA:533,0
DA:534,0
DA:540,0
DA:544,1
DA:547,1
DA:548,1
DA:554,0
DA:557,0
DA:558,0
DA:566,1
DA:569,2
DA:575,0
DA:586,0
DA:589,0
DA:590,0
DA:595,0
DA:601,0
DA:604,0
DA:605,0
DA:610,0
DA:618,1
DA:622,2
DA:623,1
DA:626,1
DA:633,1
DA:635,1
DA:636,2
DA:639,1
DA:641,1
DA:642,2
DA:647,1
DA:651,2
DA:654,1
DA:657,2
DA:659,0
DA:663,1
DA:667,1
DA:670,2
DA:673,2
DA:674,2
DA:675,2
DA:678,1
DA:681,1
DA:682,2
DA:684,0
DA:691,0
DA:693,0
DA:694,0
DA:701,0
DA:703,0
DA:704,0
DA:714,0
DA:716,0
DA:717,0
DA:718,0
DA:719,0
DA:725,0
DA:734,0
DA:743,0
DA:745,0
DA:746,0
DA:747,0
DA:748,0
DA:749,0
DA:750,0
DA:751,0
DA:752,0
DA:755,0
DA:756,0
DA:757,0
DA:765,0
DA:767,0
DA:768,0
DA:772,0
DA:773,0
DA:774,0
DA:775,0
DA:776,0
DA:777,0
DA:778,0
DA:779,0
DA:780,0
DA:788,0
DA:790,0
DA:791,0
DA:798,0
DA:800,0
DA:807,1
DA:808,2
DA:809,2
LF:302
LH:114
end_of_record
SF:lib/features/sync/data/services/sqlite_sync_queue_service.dart
DA:16,2
DA:18,1
DA:19,2
DA:21,2
DA:25,4
DA:26,3
DA:27,6
DA:31,1
DA:32,1
DA:33,1
DA:35,1
DA:40,2
DA:41,8
DA:44,6
DA:46,2
DA:49,0
DA:53,1
DA:55,2
DA:56,1
DA:60,1
DA:63,1
DA:64,1
DA:67,2
DA:68,2
DA:69,2
DA:70,1
DA:71,1
DA:74,0
DA:77,1
DA:80,1
DA:81,1
DA:85,0
DA:89,2
DA:92,2
DA:93,6
DA:95,0
DA:99,2
DA:102,2
DA:103,7
DA:105,0
DA:109,1
DA:112,1
DA:113,4
DA:116,3
DA:118,1
DA:119,1
DA:122,0
DA:126,1
DA:129,1
DA:132,1
DA:134,1
DA:137,1
DA:139,3
DA:141,1
DA:144,0
DA:148,1
DA:151,1
DA:154,1
DA:156,2
DA:160,1
DA:162,3
DA:165,1
DA:168,0
DA:172,1
DA:175,1
DA:178,1
DA:180,1
DA:183,1
DA:185,0
DA:189,1
DA:192,3
DA:194,0
DA:198,2
DA:201,2
DA:202,3
DA:203,2
DA:206,0
DA:210,2
DA:213,4
DA:214,2
DA:216,4
DA:217,6
DA:218,2
DA:222,0
DA:226,1
DA:229,1
DA:231,1
DA:232,1
DA:233,5
DA:234,5
DA:235,5
DA:236,5
DA:237,5
DA:240,0
DA:244,1
DA:247,1
DA:248,1
DA:250,0
DA:254,1
DA:257,1
DA:258,5
DA:260,0
DA:264,1
DA:267,1
DA:268,2
DA:269,1
DA:270,1
DA:274,1
DA:278,0
DA:283,1
DA:285,1
DA:287,1
DA:289,1
DA:295,2
DA:297,4
DA:298,2
DA:300,4
DA:302,4
DA:303,2
DA:312,0
DA:317,1
DA:319,3
DA:322,1
DA:329,2
DA:330,4
DA:331,2
DA:332,2
DA:333,4
DA:334,4
DA:335,4
DA:336,2
DA:337,3
DA:338,2
DA:339,2
DA:340,2
DA:341,2
DA:346,2
DA:347,2
DA:349,2
DA:350,2
DA:351,2
DA:352,4
DA:353,4
DA:354,4
DA:355,2
DA:356,0
DA:358,2
DA:359,2
DA:361,2
DA:362,2
DA:363,2
DA:364,2
DA:369,2
DA:370,4
LF:154
LH:136
end_of_record
SF:lib/features/sync/domain/entities/sync_operation_factory.dart
DA:9,4
DA:14,4
DA:15,4
DA:18,4
DA:25,3
DA:30,3
DA:31,3
DA:34,3
DA:41,3
DA:46,3
DA:47,3
DA:50,3
DA:57,1
DA:64,1
DA:65,1
DA:68,1
DA:76,1
DA:77,1
DA:78,1
DA:79,1
DA:80,1
DA:82,1
DA:86,1
DA:88,1
LF:24
LH:24
end_of_record
SF:lib/features/sync/domain/services/sync_queue_service.dart
DA:66,2
DA:75,0
DA:77,0
DA:78,0
DA:79,0
DA:87,2
DA:94,2
DA:97,2
DA:105,1
DA:109,1
DA:116,1
DA:119,1
DA:127,1
DA:131,1
LF:14
LH:10
end_of_record
SF:lib/features/sync/data/services/export_service_impl.dart
DA:17,1
DA:19,1
DA:20,1
DA:22,1
DA:28,1
DA:29,1
DA:32,1
DA:33,1
DA:37,1
DA:40,1
DA:41,0
DA:45,2
DA:46,1
DA:49,2
DA:50,2
DA:51,1
DA:57,1
DA:60,2
DA:61,1
DA:64,1
DA:69,1
DA:71,0
DA:76,2
DA:77,1
DA:79,2
DA:80,1
DA:83,3
DA:87,1
DA:88,1
DA:90,2
DA:93,1
DA:97,2
DA:99,1
DA:101,0
DA:105,1
DA:106,1
DA:113,1
DA:114,1
DA:118,1
DA:124,1
DA:125,0
DA:128,1
DA:129,1
DA:133,1
DA:136,2
DA:137,1
DA:140,2
DA:141,2
DA:142,1
DA:148,1
DA:151,2
DA:152,1
DA:155,1
DA:160,1
DA:162,0
DA:167,2
DA:168,1
DA:170,0
DA:171,0
DA:174,0
DA:178,1
DA:179,1
DA:181,0
DA:184,1
DA:188,2
DA:190,1
DA:192,0
DA:197,1
DA:198,1
DA:199,2
DA:201,1
DA:205,1
DA:206,1
DA:213,1
DA:214,1
DA:218,1
DA:225,1
DA:226,1
DA:230,1
DA:237,1
DA:239,1
DA:244,1
DA:245,1
DA:250,2
DA:251,2
DA:254,1
DA:259,1
DA:260,1
DA:262,1
DA:263,1
DA:267,1
DA:269,1
DA:270,2
DA:271,2
DA:272,2
DA:273,1
DA:281,1
DA:286,2
DA:287,1
DA:288,1
DA:291,1
DA:292,1
DA:293,0
DA:296,1
DA:299,1
DA:301,2
DA:302,0
DA:303,0
DA:304,0
DA:311,1
DA:317,1
DA:319,1
DA:320,2
DA:321,0
DA:322,0
DA:324,0
DA:325,0
DA:327,0
DA:335,1
DA:340,2
DA:341,1
DA:343,1
DA:344,1
DA:346,1
DA:349,1
DA:351,2
DA:352,0
DA:353,0
DA:355,0
DA:356,0
DA:358,0
LF:131
LH:107
end_of_record
SF:lib/features/sync/domain/services/export_service.dart
DA:10,2
DA:26,2
DA:42,3
LF:3
LH:3
end_of_record
SF:lib/features/sync/data/services/import_service_impl.dart
DA:17,1
DA:19,1
DA:20,1
DA:22,1
DA:28,1
DA:29,1
DA:32,1
DA:33,1
DA:34,2
DA:38,1
DA:40,1
DA:41,0
DA:45,1
DA:46,1
DA:47,1
DA:48,0
DA:53,0
DA:54,0
DA:60,1
DA:66,1
DA:69,2
DA:70,1
DA:72,2
DA:73,1
DA:75,1
DA:76,3
DA:80,1
DA:81,1
DA:82,1
DA:83,1
DA:84,1
DA:87,3
DA:88,1
DA:91,1
DA:95,1
DA:96,2
DA:97,1
DA:100,1
DA:101,1
DA:103,0
DA:107,1
DA:108,1
DA:113,2
DA:116,1
DA:117,1
DA:121,0
DA:127,0
DA:128,0
DA:131,0
DA:132,0
DA:133,0
DA:137,0
DA:139,0
DA:140,0
DA:144,0
DA:145,0
DA:151,0
DA:154,0
DA:155,0
DA:156,0
DA:157,0
DA:158,0
DA:163,0
DA:166,0
DA:167,0
DA:169,0
DA:170,0
DA:172,0
DA:173,0
DA:177,0
DA:178,0
DA:180,0
DA:182,0
DA:185,0
DA:186,0
DA:187,0
DA:188,0
DA:189,0
DA:192,0
DA:193,0
DA:196,0
DA:200,0
DA:201,0
DA:204,0
DA:205,0
DA:208,0
DA:209,0
DA:210,0
DA:211,0
DA:213,0
DA:217,0
DA:218,0
DA:223,0
DA:226,0
DA:227,0
DA:231,1
DA:233,1
DA:234,1
DA:239,1
DA:240,1
DA:241,2
DA:242,1
DA:252,3
DA:253,1
DA:254,1
DA:257,3
DA:258,2
DA:259,3
DA:263,1
DA:265,1
DA:266,2
DA:268,0
DA:271,1
DA:272,1
DA:277,1
DA:278,0
DA:282,0
DA:285,1
DA:286,1
DA:294,1
DA:296,5
DA:297,2
DA:298,2
DA:301,2
DA:304,1
DA:305,3
DA:307,1
DA:310,0
DA:311,0
DA:312,0
DA:314,0
DA:315,0
DA:316,0
DA:317,0
DA:319,0
DA:321,0
DA:324,2
DA:327,1
DA:329,2
DA:332,1
DA:334,1
DA:339,1
DA:343,1
DA:344,1
DA:346,3
DA:347,1
DA:348,3
DA:351,1
DA:352,0
DA:357,2
DA:358,2
DA:363,1
DA:364,2
DA:365,1
DA:367,2
DA:368,1
DA:371,1
DA:383,1
DA:387,1
DA:388,1
DA:390,3
DA:391,1
DA:392,2
DA:395,3
DA:396,1
DA:397,1
DA:405,1
DA:409,1
DA:410,3
DA:411,1
DA:414,2
DA:415,2
DA:417,2
DA:418,1
DA:421,1
DA:422,1
DA:423,1
DA:426,1
DA:427,1
DA:428,2
DA:430,1
DA:432,1
DA:433,3
DA:435,0
DA:436,0
DA:437,0
DA:439,0
DA:440,0
DA:441,0
DA:442,0
DA:449,3
DA:453,1
DA:458,1
DA:459,1
DA:461,1
DA:462,1
DA:463,1
DA:467,1
DA:472,1
DA:473,0
DA:474,1
DA:476,2
DA:479,1
DA:481,2
DA:482,2
DA:487,1
DA:488,0
DA:489,0
DA:491,0
DA:492,0
DA:498,0
DA:499,0
DA:504,0
DA:505,0
DA:506,0
DA:507,0
DA:508,0
DA:510,0
DA:513,0
DA:514,0
DA:515,0
DA:516,0
DA:518,0
DA:528,1
LF:224
LH:131
end_of_record
SF:lib/features/sync/domain/services/import_service.dart
DA:10,2
DA:27,4
DA:45,2
DA:71,3
DA:88,2
LF:5
LH:5
end_of_record
SF:lib/features/sync/domain/services/conflict_detection_service.dart
DA:37,1
DA:48,0
DA:50,0
DA:52,0
DA:53,0
DA:89,1
DA:95,1
DA:99,2
DA:100,2
DA:106,2
DA:109,1
DA:117,1
DA:132,1
DA:143,1
DA:147,1
DA:150,1
DA:158,1
DA:159,1
DA:161,1
DA:175,0
DA:177,0
DA:179,0
DA:180,0
DA:182,0
DA:189,0
DA:193,0
DA:196,0
DA:199,0
DA:201,0
DA:203,0
DA:207,1
DA:210,1
DA:211,1
DA:212,1
DA:216,1
DA:217,2
DA:218,1
DA:219,1
DA:222,1
DA:224,2
DA:231,1
DA:233,1
DA:234,1
DA:235,1
DA:241,1
DA:242,0
DA:246,1
DA:247,1
DA:251,0
DA:252,0
DA:260,1
DA:263,2
DA:267,0
DA:268,0
DA:271,0
DA:273,0
DA:274,0
DA:275,0
DA:276,0
DA:278,0
DA:288,1
DA:294,1
DA:295,0
DA:296,1
DA:297,0
DA:298,1
DA:299,3
DA:300,0
DA:301,0
DA:302,0
DA:307,1
DA:324,1
DA:329,1
DA:330,1
DA:339,1
DA:340,1
DA:341,1
DA:342,2
DA:345,4
DA:346,1
DA:348,2
DA:352,1
DA:353,1
DA:354,1
DA:357,5
DA:360,2
DA:361,2
DA:363,2
DA:364,2
DA:368,2
DA:369,2
DA:370,5
DA:371,6
DA:373,17
DA:378,2
DA:382,1
DA:384,1
DA:385,1
DA:386,1
DA:387,0
DA:388,1
DA:389,1
DA:390,0
DA:391,0
DA:396,1
DA:398,1
DA:399,1
DA:401,1
DA:402,4
DA:404,2
DA:405,3
DA:406,3
DA:408,1
DA:409,1
DA:410,1
DA:411,0
DA:412,1
DA:413,0
DA:416,1
DA:417,1
DA:418,1
DA:419,1
DA:420,1
DA:424,1
LF:124
LH:88
end_of_record
SF:lib/features/sync/domain/services/sync_manager.dart
DA:17,1
DA:24,1
DA:26,1
DA:29,2
DA:33,1
DA:35,1
DA:38,2
DA:42,1
DA:43,1
DA:47,2
DA:51,1
DA:52,1
DA:56,2
DA:60,1
DA:61,1
DA:65,2
DA:69,1
DA:70,2
DA:74,1
DA:75,2
DA:79,1
DA:80,2
DA:84,1
DA:85,2
DA:89,1
DA:90,2
DA:94,1
DA:95,2
DA:99,1
DA:100,2
DA:101,1
DA:105,1
DA:106,2
DA:107,1
DA:111,1
DA:112,2
DA:116,1
DA:117,2
DA:121,1
DA:122,1
DA:123,2
DA:124,2
DA:128,3
DA:131,3
DA:134,1
DA:135,1
DA:137,2
DA:139,0
DA:144,1
DA:145,2
DA:146,1
DA:150,0
DA:151,0
DA:155,0
DA:158,0
DA:162,0
DA:163,0
DA:164,0
DA:166,0
DA:167,0
DA:169,0
DA:170,0
DA:174,0
DA:175,0
DA:177,0
DA:182,0
DA:187,1
DA:188,1
LF:68
LH:52
end_of_record
SF:lib/features/sync/presentation/bloc/sync_bloc.dart
DA:17,1
DA:22,1
DA:24,2
DA:25,2
DA:26,2
DA:27,2
DA:28,2
DA:30,2
DA:31,2
DA:32,2
DA:33,2
DA:35,2
DA:36,2
DA:37,2
DA:39,2
DA:40,2
DA:41,2
DA:43,2
DA:44,2
DA:45,2
DA:46,2
DA:51,1
DA:57,1
DA:59,4
DA:60,0
DA:64,4
DA:65,0
DA:67,0
DA:75,1
DA:80,2
DA:86,2
DA:87,1
DA:89,2
DA:94,0
DA:99,0
DA:105,0
DA:106,0
DA:108,0
DA:112,0
DA:117,0
DA:123,0
DA:124,0
DA:126,0
DA:131,0
DA:136,0
DA:138,0
DA:141,0
DA:146,0
DA:147,0
DA:149,0
DA:154,0
DA:160,0
DA:163,0
DA:165,0
DA:172,1
DA:177,3
DA:178,2
DA:180,1
DA:182,0
DA:187,1
DA:192,2
DA:193,2
DA:195,1
DA:197,0
DA:202,0
DA:207,0
DA:208,0
DA:210,0
DA:212,0
DA:217,0
DA:222,0
DA:223,0
DA:225,0
DA:227,0
DA:234,1
DA:239,4
DA:242,1
DA:243,1
DA:245,0
DA:250,1
DA:255,2
DA:257,2
DA:258,0
DA:259,0
DA:262,0
DA:267,0
DA:272,0
DA:275,0
DA:276,0
DA:278,0
DA:285,0
DA:290,0
DA:292,0
DA:294,0
DA:299,1
DA:304,2
DA:305,2
DA:306,2
DA:308,1
DA:310,1
DA:315,2
DA:316,0
DA:317,0
DA:318,2
DA:320,2
DA:323,3
DA:328,0
DA:334,0
DA:337,0
DA:340,0
DA:341,0
DA:343,0
DA:350,1
DA:355,2
DA:356,1
DA:359,2
DA:360,2
DA:361,2
DA:362,2
DA:366,2
DA:367,0
DA:368,2
DA:369,0
DA:373,1
DA:374,2
DA:377,2
DA:380,2
DA:388,3
DA:393,0
DA:398,0
DA:399,0
DA:400,0
DA:401,0
DA:405,0
DA:410,0
DA:412,0
DA:413,0
DA:414,0
DA:418,0
DA:419,0
DA:420,0
DA:426,0
DA:431,0
DA:433,0
DA:434,0
DA:435,0
DA:445,0
DA:447,0
DA:449,0
DA:451,0
DA:453,0
DA:454,0
DA:460,0
DA:462,0
DA:463,0
DA:464,0
DA:465,0
DA:466,0
DA:469,0
DA:472,0
DA:475,0
DA:478,0
DA:479,0
DA:480,0
DA:487,0
DA:488,0
DA:489,0
DA:490,0
DA:491,0
DA:501,1
DA:502,2
DA:503,2
DA:504,0
DA:505,1
DA:506,2
DA:509,2
DA:512,1
DA:513,2
DA:515,2
DA:516,1
DA:523,2
DA:533,0
DA:534,0
DA:542,1
DA:544,2
DA:545,2
DA:546,0
DA:549,2
DA:555,0
DA:559,1
DA:561,2
DA:562,2
DA:563,1
LF:193
LH:88
end_of_record
SF:lib/features/sync/presentation/bloc/sync_event.dart
DA:7,2
DA:9,0
DA:10,0
DA:17,1
DA:22,0
DA:27,0
DA:34,0
DA:36,0
DA:37,0
DA:42,0
DA:51,1
DA:55,0
DA:56,0
DA:61,1
DA:66,0
DA:71,0
DA:81,1
DA:86,0
DA:87,0
DA:92,1
DA:97,0
DA:106,0
DA:108,0
DA:109,0
DA:114,2
DA:119,0
DA:126,2
DA:131,0
DA:136,1
DA:141,1
LF:30
LH:10
end_of_record
SF:lib/features/sync/presentation/bloc/sync_state.dart
DA:12,1
DA:16,0
DA:18,0
DA:23,0
DA:24,0
DA:25,0
DA:26,0
DA:30,0
DA:31,0
DA:33,1
DA:35,3
DA:36,3
DA:37,1
DA:48,1
DA:55,0
DA:61,0
DA:62,0
DA:63,0
DA:64,0
DA:65,0
DA:69,1
DA:70,1
DA:71,1
DA:72,1
DA:73,1
DA:74,1
DA:80,3
DA:82,1
DA:83,1
DA:90,2
DA:95,2
DA:106,1
DA:114,0
DA:121,0
DA:122,0
DA:123,0
DA:124,0
DA:125,0
DA:126,0
DA:130,1
DA:131,1
DA:132,1
DA:133,1
DA:134,1
DA:135,1
DA:136,1
DA:148,1
DA:154,0
DA:159,0
DA:160,0
DA:161,0
DA:162,0
DA:166,1
DA:167,4
DA:178,1
DA:184,1
DA:185,4
DA:194,1
DA:200,1
DA:201,4
DA:211,1
DA:218,1
DA:219,5
DA:230,0
DA:236,0
DA:237,0
DA:246,1
DA:248,1
DA:249,2
DA:257,1
DA:262,1
DA:263,3
LF:72
LH:43
end_of_record
SF:lib/features/sync/domain/services/auto_sync_service.dart
DA:18,2
DA:29,0
DA:39,0
DA:40,0
DA:41,0
DA:42,0
DA:43,0
DA:44,0
DA:45,0
DA:46,0
DA:47,0
DA:51,1
DA:53,3
DA:54,2
DA:62,0
DA:67,0
DA:75,0
DA:79,0
DA:84,0
DA:89,0
DA:114,0
DA:126,0
DA:128,0
DA:130,0
DA:131,0
LF:25
LH:4
end_of_record
SF:lib/features/sync/presentation/bloc/import_bloc.dart
DA:12,2
DA:13,2
DA:14,2
DA:15,2
DA:16,2
DA:17,2
DA:18,2
DA:21,1
DA:25,2
DA:26,1
DA:30,1
DA:33,2
DA:34,3
DA:35,0
DA:38,2
DA:39,1
DA:40,1
DA:41,1
DA:44,2
DA:45,2
DA:46,1
DA:49,1
DA:50,2
DA:52,0
DA:54,0
DA:58,3
DA:60,2
DA:61,1
DA:65,0
DA:69,0
DA:70,0
DA:74,0
DA:77,0
DA:78,0
DA:79,0
DA:82,0
DA:83,0
DA:84,0
DA:85,0
DA:88,0
DA:89,0
DA:90,0
DA:93,0
DA:94,0
DA:96,0
DA:98,0
DA:102,0
DA:104,0
DA:105,0
DA:109,1
DA:113,1
DA:116,3
DA:117,2
DA:119,3
DA:123,0
DA:128,0
DA:131,0
DA:133,0
DA:135,0
DA:145,0
DA:158,0
DA:162,1
DA:167,2
DA:168,1
DA:170,3
DA:172,1
DA:173,1
DA:177,1
DA:181,3
DA:184,1
DA:186,1
DA:187,1
LF:72
LH:41
end_of_record
SF:lib/features/sync/presentation/bloc/import_event.dart
DA:6,1
DA:8,0
DA:9,0
DA:16,1
DA:21,0
DA:22,0
DA:29,0
DA:34,0
DA:35,0
DA:41,1
DA:43,0
DA:44,0
DA:51,0
DA:56,0
DA:57,0
DA:61,1
DA:67,1
DA:69,0
DA:70,0
LF:19
LH:5
end_of_record
SF:lib/features/sync/presentation/bloc/import_state.dart
DA:6,3
DA:8,1
DA:9,1
DA:13,2
DA:17,2
DA:23,1
DA:25,1
DA:26,2
DA:32,3
DA:34,1
DA:35,2
DA:42,1
DA:47,1
DA:48,3
DA:54,2
DA:56,1
DA:57,2
DA:64,3
DA:69,1
DA:70,3
DA:74,2
LF:21
LH:21
end_of_record
SF:lib/features/sync/presentation/bloc/export_bloc.dart
DA:12,2
DA:13,2
DA:14,2
DA:15,2
DA:16,2
DA:17,2
DA:20,1
DA:24,2
DA:25,1
DA:29,1
DA:32,2
DA:33,4
DA:34,2
DA:37,2
DA:38,1
DA:39,1
DA:40,1
DA:43,1
DA:44,2
DA:46,2
DA:48,1
DA:52,3
DA:54,2
DA:55,1
DA:59,1
DA:63,2
DA:64,0
DA:68,1
DA:71,2
DA:72,3
DA:73,0
DA:76,2
DA:77,1
DA:78,1
DA:79,1
DA:82,1
DA:83,2
DA:85,0
DA:87,0
DA:91,0
DA:93,2
DA:94,1
DA:98,1
DA:102,2
DA:103,0
DA:107,1
DA:110,2
DA:111,3
DA:112,0
DA:115,2
DA:116,1
DA:117,1
DA:118,1
DA:119,1
DA:122,1
DA:123,2
DA:125,0
DA:127,0
DA:131,0
DA:133,2
DA:134,1
DA:138,1
DA:143,2
DA:144,1
DA:146,3
DA:148,1
DA:149,1
DA:153,1
DA:157,3
DA:160,1
DA:162,1
DA:163,1
LF:72
LH:62
end_of_record
SF:lib/features/sync/presentation/bloc/export_event.dart
DA:6,2
DA:8,0
DA:9,0
DA:16,1
DA:21,0
DA:22,0
DA:29,1
DA:34,0
DA:35,0
DA:43,1
DA:49,0
DA:50,0
DA:54,1
DA:60,2
DA:62,0
DA:63,0
LF:16
LH:6
end_of_record
SF:lib/features/sync/presentation/bloc/export_state.dart
DA:6,3
DA:8,1
DA:9,1
DA:13,2
DA:19,3
DA:21,1
DA:22,2
DA:28,1
DA:30,1
DA:31,2
DA:38,3
DA:43,1
DA:44,3
DA:48,2
LF:14
LH:14
end_of_record
SF:lib/shared/widgets/virtual_list_view.dart
DA:17,1
DA:31,1
DA:32,1
DA:39,1
DA:41,1
DA:42,4
DA:43,3
DA:46,1
DA:48,2
DA:49,2
DA:51,0
DA:53,1
DA:56,0
DA:57,0
DA:59,0
DA:60,0
DA:62,0
DA:63,0
DA:64,0
DA:67,0
DA:68,0
DA:69,0
DA:75,1
DA:77,1
DA:78,1
DA:79,2
DA:80,2
DA:81,2
DA:82,2
DA:83,3
DA:84,2
DA:85,1
DA:86,4
DA:87,6
DA:106,1
DA:120,1
DA:121,1
DA:128,1
DA:130,1
DA:131,4
DA:132,3
DA:135,1
DA:137,2
DA:138,2
DA:140,0
DA:142,1
DA:145,0
DA:146,0
DA:148,0
DA:149,0
DA:151,0
DA:152,0
DA:153,0
DA:156,0
DA:157,0
DA:158,0
DA:164,1
DA:166,1
DA:167,1
DA:168,2
DA:169,2
DA:170,2
DA:171,2
DA:172,2
DA:173,3
DA:174,1
DA:175,4
DA:176,6
DA:195,1
DA:209,1
DA:210,1
DA:219,1
DA:221,1
DA:222,4
DA:223,3
DA:226,1
DA:228,2
DA:229,2
DA:231,0
DA:233,1
DA:236,0
DA:237,0
DA:239,0
DA:240,0
DA:242,0
DA:243,0
DA:247,0
DA:248,0
DA:250,0
DA:251,0
DA:252,0
DA:256,0
DA:257,0
DA:258,0
DA:259,0
DA:260,0
DA:264,0
DA:265,0
DA:266,0
DA:267,0
DA:273,1
DA:275,1
DA:276,1
DA:277,2
DA:278,2
DA:279,6
DA:280,1
DA:281,4
DA:282,6
DA:286,0
DA:287,0
DA:296,0
DA:297,0
DA:298,0
DA:299,0
DA:301,0
DA:302,0
DA:305,0
DA:306,0
LF:119
LH:66
end_of_record
SF:lib/shared/widgets/custom_dialog.dart
DA:11,1
DA:20,1
DA:22,1
DA:23,2
DA:24,4
DA:25,1
DA:26,1
DA:27,1
DA:33,1
DA:41,1
DA:44,2
DA:65,1
DA:76,1
DA:78,1
DA:79,1
DA:80,1
DA:81,1
DA:82,1
DA:83,1
DA:84,2
DA:85,1
DA:87,2
DA:89,1
DA:90,1
DA:91,2
DA:92,1
DA:94,1
DA:95,1
DA:96,3
DA:97,3
DA:100,2
DA:107,1
DA:117,1
DA:119,2
DA:143,1
DA:155,1
DA:156,1
DA:159,1
DA:170,1
DA:172,2
DA:190,1
DA:192,1
DA:193,4
DA:196,1
DA:198,2
DA:199,1
DA:202,1
DA:203,3
DA:204,5
DA:208,1
DA:210,1
DA:211,2
DA:212,1
DA:213,1
DA:214,1
DA:217,1
DA:218,2
DA:219,0
DA:222,1
DA:223,1
DA:224,2
DA:225,2
DA:227,1
DA:228,2
DA:229,1
DA:230,1
DA:237,1
DA:238,1
DA:239,0
DA:240,3
DA:242,1
DA:243,1
DA:244,3
DA:255,1
DA:260,1
DA:262,1
DA:263,1
DA:265,1
DA:268,2
DA:271,1
DA:272,1
DA:278,1
DA:279,1
DA:282,2
DA:287,1
DA:288,2
DA:299,0
DA:307,0
DA:309,0
DA:310,0
DA:311,0
DA:316,0
DA:318,0
DA:319,0
DA:320,0
DA:322,0
DA:323,0
DA:324,0
DA:325,0
DA:330,0
DA:331,0
DA:332,0
DA:333,0
DA:334,0
DA:335,0
DA:338,0
DA:339,0
DA:346,0
DA:353,0
DA:360,0
DA:369,0
LF:111
LH:84
end_of_record
SF:lib/shared/widgets/theme_switcher.dart
DA:11,1
DA:13,1
DA:15,1
DA:17,1
DA:22,1
DA:24,1
DA:26,1
DA:28,1
DA:33,1
DA:35,1
DA:37,1
DA:39,1
DA:51,1
DA:58,1
DA:60,1
DA:61,1
DA:62,1
DA:63,3
DA:64,1
DA:66,1
DA:67,1
DA:68,2
DA:70,2
DA:71,3
DA:78,1
DA:79,1
DA:80,1
DA:82,1
DA:83,3
DA:85,3
DA:89,3
DA:100,1
DA:107,1
DA:109,1
DA:110,4
DA:111,1
DA:113,1
DA:114,1
DA:115,2
DA:118,2
DA:128,1
DA:134,1
DA:136,1
DA:137,3
DA:139,3
DA:141,2
DA:145,1
DA:146,1
DA:148,2
DA:150,1
DA:152,2
DA:153,1
DA:155,1
DA:156,1
DA:158,2
DA:159,2
DA:162,1
DA:163,1
DA:164,2
DA:166,2
DA:170,1
DA:172,1
DA:173,1
DA:174,0
LF:64
LH:63
end_of_record
